[2023-06-01T14:47:23.617+0000] {processor.py:153} INFO - Started process (PID=18595) to work on /opt/airflow/dags/dag1.py
[2023-06-01T14:47:23.617+0000] {processor.py:743} INFO - Processing file /opt/airflow/dags/dag1.py for tasks to queue
[2023-06-01T14:47:23.618+0000] {logging_mixin.py:137} INFO - [2023-06-01T14:47:23.618+0000] {dagbag.py:538} INFO - Filling up the DagBag from /opt/airflow/dags/dag1.py
[2023-06-01T14:47:23.634+0000] {processor.py:753} INFO - DAG(s) dict_keys(['dag_1']) retrieved from /opt/airflow/dags/dag1.py
[2023-06-01T14:47:23.656+0000] {logging_mixin.py:137} INFO - [2023-06-01T14:47:23.656+0000] {dag.py:2690} INFO - Sync 1 DAGs
[2023-06-01T14:47:23.686+0000] {logging_mixin.py:137} INFO - [2023-06-01T14:47:23.686+0000] {dag.py:3441} INFO - Setting next_dagrun for dag_1 to 2023-06-01T14:46:00+00:00, run_after=2023-06-01T14:47:00+00:00
[2023-06-01T14:47:23.704+0000] {processor.py:175} INFO - Processing /opt/airflow/dags/dag1.py took 0.090 seconds
[2023-06-01T14:47:54.156+0000] {processor.py:153} INFO - Started process (PID=18653) to work on /opt/airflow/dags/dag1.py
[2023-06-01T14:47:54.158+0000] {processor.py:743} INFO - Processing file /opt/airflow/dags/dag1.py for tasks to queue
[2023-06-01T14:47:54.158+0000] {logging_mixin.py:137} INFO - [2023-06-01T14:47:54.158+0000] {dagbag.py:538} INFO - Filling up the DagBag from /opt/airflow/dags/dag1.py
[2023-06-01T14:47:54.174+0000] {processor.py:753} INFO - DAG(s) dict_keys(['dag_1']) retrieved from /opt/airflow/dags/dag1.py
[2023-06-01T14:47:54.196+0000] {logging_mixin.py:137} INFO - [2023-06-01T14:47:54.195+0000] {dag.py:2690} INFO - Sync 1 DAGs
[2023-06-01T14:47:54.227+0000] {logging_mixin.py:137} INFO - [2023-06-01T14:47:54.226+0000] {dag.py:3441} INFO - Setting next_dagrun for dag_1 to 2023-06-01T14:46:00+00:00, run_after=2023-06-01T14:47:00+00:00
[2023-06-01T14:47:54.245+0000] {processor.py:175} INFO - Processing /opt/airflow/dags/dag1.py took 0.092 seconds
[2023-06-01T14:48:24.835+0000] {processor.py:153} INFO - Started process (PID=18735) to work on /opt/airflow/dags/dag1.py
[2023-06-01T14:48:24.837+0000] {processor.py:743} INFO - Processing file /opt/airflow/dags/dag1.py for tasks to queue
[2023-06-01T14:48:24.837+0000] {logging_mixin.py:137} INFO - [2023-06-01T14:48:24.837+0000] {dagbag.py:538} INFO - Filling up the DagBag from /opt/airflow/dags/dag1.py
[2023-06-01T14:48:24.856+0000] {processor.py:753} INFO - DAG(s) dict_keys(['dag_1']) retrieved from /opt/airflow/dags/dag1.py
[2023-06-01T14:48:24.879+0000] {logging_mixin.py:137} INFO - [2023-06-01T14:48:24.879+0000] {dag.py:2690} INFO - Sync 1 DAGs
[2023-06-01T14:48:24.934+0000] {logging_mixin.py:137} INFO - [2023-06-01T14:48:24.934+0000] {dag.py:3441} INFO - Setting next_dagrun for dag_1 to 2023-06-01T14:47:00+00:00, run_after=2023-06-01T14:48:00+00:00
[2023-06-01T14:48:24.972+0000] {processor.py:175} INFO - Processing /opt/airflow/dags/dag1.py took 0.139 seconds
[2023-06-01T14:48:55.558+0000] {processor.py:153} INFO - Started process (PID=18793) to work on /opt/airflow/dags/dag1.py
[2023-06-01T14:48:55.559+0000] {processor.py:743} INFO - Processing file /opt/airflow/dags/dag1.py for tasks to queue
[2023-06-01T14:48:55.560+0000] {logging_mixin.py:137} INFO - [2023-06-01T14:48:55.560+0000] {dagbag.py:538} INFO - Filling up the DagBag from /opt/airflow/dags/dag1.py
[2023-06-01T14:48:55.577+0000] {processor.py:753} INFO - DAG(s) dict_keys(['dag_1']) retrieved from /opt/airflow/dags/dag1.py
[2023-06-01T14:48:55.601+0000] {logging_mixin.py:137} INFO - [2023-06-01T14:48:55.601+0000] {dag.py:2690} INFO - Sync 1 DAGs
[2023-06-01T14:48:55.643+0000] {logging_mixin.py:137} INFO - [2023-06-01T14:48:55.642+0000] {dag.py:3441} INFO - Setting next_dagrun for dag_1 to 2023-06-01T14:47:00+00:00, run_after=2023-06-01T14:48:00+00:00
[2023-06-01T14:48:55.664+0000] {processor.py:175} INFO - Processing /opt/airflow/dags/dag1.py took 0.109 seconds
[2023-06-01T14:49:26.086+0000] {processor.py:153} INFO - Started process (PID=18860) to work on /opt/airflow/dags/dag1.py
[2023-06-01T14:49:26.087+0000] {processor.py:743} INFO - Processing file /opt/airflow/dags/dag1.py for tasks to queue
[2023-06-01T14:49:26.088+0000] {logging_mixin.py:137} INFO - [2023-06-01T14:49:26.088+0000] {dagbag.py:538} INFO - Filling up the DagBag from /opt/airflow/dags/dag1.py
[2023-06-01T14:49:26.103+0000] {processor.py:753} INFO - DAG(s) dict_keys(['dag_1']) retrieved from /opt/airflow/dags/dag1.py
[2023-06-01T14:49:26.124+0000] {logging_mixin.py:137} INFO - [2023-06-01T14:49:26.124+0000] {dag.py:2690} INFO - Sync 1 DAGs
[2023-06-01T14:49:26.152+0000] {logging_mixin.py:137} INFO - [2023-06-01T14:49:26.152+0000] {dag.py:3441} INFO - Setting next_dagrun for dag_1 to 2023-06-01T14:48:00+00:00, run_after=2023-06-01T14:49:00+00:00
[2023-06-01T14:49:26.171+0000] {processor.py:175} INFO - Processing /opt/airflow/dags/dag1.py took 0.087 seconds
[2023-06-01T14:49:56.706+0000] {processor.py:153} INFO - Started process (PID=18933) to work on /opt/airflow/dags/dag1.py
[2023-06-01T14:49:56.707+0000] {processor.py:743} INFO - Processing file /opt/airflow/dags/dag1.py for tasks to queue
[2023-06-01T14:49:56.707+0000] {logging_mixin.py:137} INFO - [2023-06-01T14:49:56.707+0000] {dagbag.py:538} INFO - Filling up the DagBag from /opt/airflow/dags/dag1.py
[2023-06-01T14:49:56.724+0000] {processor.py:753} INFO - DAG(s) dict_keys(['dag_1']) retrieved from /opt/airflow/dags/dag1.py
[2023-06-01T14:49:56.747+0000] {logging_mixin.py:137} INFO - [2023-06-01T14:49:56.747+0000] {dag.py:2690} INFO - Sync 1 DAGs
[2023-06-01T14:49:56.778+0000] {logging_mixin.py:137} INFO - [2023-06-01T14:49:56.777+0000] {dag.py:3441} INFO - Setting next_dagrun for dag_1 to 2023-06-01T14:48:00+00:00, run_after=2023-06-01T14:49:00+00:00
[2023-06-01T14:49:56.798+0000] {processor.py:175} INFO - Processing /opt/airflow/dags/dag1.py took 0.095 seconds
[2023-06-01T14:50:27.243+0000] {processor.py:153} INFO - Started process (PID=18991) to work on /opt/airflow/dags/dag1.py
[2023-06-01T14:50:27.244+0000] {processor.py:743} INFO - Processing file /opt/airflow/dags/dag1.py for tasks to queue
[2023-06-01T14:50:27.244+0000] {logging_mixin.py:137} INFO - [2023-06-01T14:50:27.244+0000] {dagbag.py:538} INFO - Filling up the DagBag from /opt/airflow/dags/dag1.py
[2023-06-01T14:50:27.259+0000] {processor.py:753} INFO - DAG(s) dict_keys(['dag_1']) retrieved from /opt/airflow/dags/dag1.py
[2023-06-01T14:50:27.280+0000] {logging_mixin.py:137} INFO - [2023-06-01T14:50:27.280+0000] {dag.py:2690} INFO - Sync 1 DAGs
[2023-06-01T14:50:27.308+0000] {logging_mixin.py:137} INFO - [2023-06-01T14:50:27.308+0000] {dag.py:3441} INFO - Setting next_dagrun for dag_1 to 2023-06-01T14:49:00+00:00, run_after=2023-06-01T14:50:00+00:00
[2023-06-01T14:50:27.326+0000] {processor.py:175} INFO - Processing /opt/airflow/dags/dag1.py took 0.085 seconds
[2023-06-01T14:50:57.741+0000] {processor.py:153} INFO - Started process (PID=19073) to work on /opt/airflow/dags/dag1.py
[2023-06-01T14:50:57.743+0000] {processor.py:743} INFO - Processing file /opt/airflow/dags/dag1.py for tasks to queue
[2023-06-01T14:50:57.743+0000] {logging_mixin.py:137} INFO - [2023-06-01T14:50:57.743+0000] {dagbag.py:538} INFO - Filling up the DagBag from /opt/airflow/dags/dag1.py
[2023-06-01T14:50:57.759+0000] {processor.py:753} INFO - DAG(s) dict_keys(['dag_1']) retrieved from /opt/airflow/dags/dag1.py
[2023-06-01T14:50:57.781+0000] {logging_mixin.py:137} INFO - [2023-06-01T14:50:57.781+0000] {dag.py:2690} INFO - Sync 1 DAGs
[2023-06-01T14:50:57.812+0000] {logging_mixin.py:137} INFO - [2023-06-01T14:50:57.812+0000] {dag.py:3441} INFO - Setting next_dagrun for dag_1 to 2023-06-01T14:49:00+00:00, run_after=2023-06-01T14:50:00+00:00
[2023-06-01T14:50:57.836+0000] {processor.py:175} INFO - Processing /opt/airflow/dags/dag1.py took 0.098 seconds
[2023-06-01T14:51:28.512+0000] {processor.py:153} INFO - Started process (PID=19131) to work on /opt/airflow/dags/dag1.py
[2023-06-01T14:51:28.513+0000] {processor.py:743} INFO - Processing file /opt/airflow/dags/dag1.py for tasks to queue
[2023-06-01T14:51:28.514+0000] {logging_mixin.py:137} INFO - [2023-06-01T14:51:28.514+0000] {dagbag.py:538} INFO - Filling up the DagBag from /opt/airflow/dags/dag1.py
[2023-06-01T14:51:28.537+0000] {processor.py:753} INFO - DAG(s) dict_keys(['dag_1']) retrieved from /opt/airflow/dags/dag1.py
[2023-06-01T14:51:28.568+0000] {logging_mixin.py:137} INFO - [2023-06-01T14:51:28.567+0000] {dag.py:2690} INFO - Sync 1 DAGs
[2023-06-01T14:51:28.605+0000] {logging_mixin.py:137} INFO - [2023-06-01T14:51:28.605+0000] {dag.py:3441} INFO - Setting next_dagrun for dag_1 to 2023-06-01T14:50:00+00:00, run_after=2023-06-01T14:51:00+00:00
[2023-06-01T14:51:28.630+0000] {processor.py:175} INFO - Processing /opt/airflow/dags/dag1.py took 0.122 seconds
[2023-06-01T14:51:59.373+0000] {processor.py:153} INFO - Started process (PID=19213) to work on /opt/airflow/dags/dag1.py
[2023-06-01T14:51:59.374+0000] {processor.py:743} INFO - Processing file /opt/airflow/dags/dag1.py for tasks to queue
[2023-06-01T14:51:59.375+0000] {logging_mixin.py:137} INFO - [2023-06-01T14:51:59.375+0000] {dagbag.py:538} INFO - Filling up the DagBag from /opt/airflow/dags/dag1.py
[2023-06-01T14:51:59.390+0000] {processor.py:753} INFO - DAG(s) dict_keys(['dag_1']) retrieved from /opt/airflow/dags/dag1.py
[2023-06-01T14:51:59.411+0000] {logging_mixin.py:137} INFO - [2023-06-01T14:51:59.411+0000] {dag.py:2690} INFO - Sync 1 DAGs
[2023-06-01T14:51:59.452+0000] {logging_mixin.py:137} INFO - [2023-06-01T14:51:59.452+0000] {dag.py:3441} INFO - Setting next_dagrun for dag_1 to 2023-06-01T14:50:00+00:00, run_after=2023-06-01T14:51:00+00:00
[2023-06-01T14:51:59.473+0000] {processor.py:175} INFO - Processing /opt/airflow/dags/dag1.py took 0.103 seconds
[2023-06-01T14:52:29.984+0000] {processor.py:153} INFO - Started process (PID=19271) to work on /opt/airflow/dags/dag1.py
[2023-06-01T14:52:29.985+0000] {processor.py:743} INFO - Processing file /opt/airflow/dags/dag1.py for tasks to queue
[2023-06-01T14:52:29.985+0000] {logging_mixin.py:137} INFO - [2023-06-01T14:52:29.985+0000] {dagbag.py:538} INFO - Filling up the DagBag from /opt/airflow/dags/dag1.py
[2023-06-01T14:52:30.000+0000] {processor.py:753} INFO - DAG(s) dict_keys(['dag_1']) retrieved from /opt/airflow/dags/dag1.py
[2023-06-01T14:52:30.020+0000] {logging_mixin.py:137} INFO - [2023-06-01T14:52:30.019+0000] {dag.py:2690} INFO - Sync 1 DAGs
[2023-06-01T14:52:30.049+0000] {logging_mixin.py:137} INFO - [2023-06-01T14:52:30.049+0000] {dag.py:3441} INFO - Setting next_dagrun for dag_1 to 2023-06-01T14:51:00+00:00, run_after=2023-06-01T14:52:00+00:00
[2023-06-01T14:52:30.064+0000] {processor.py:175} INFO - Processing /opt/airflow/dags/dag1.py took 0.082 seconds
[2023-06-01T14:53:00.401+0000] {processor.py:153} INFO - Started process (PID=19353) to work on /opt/airflow/dags/dag1.py
[2023-06-01T14:53:00.402+0000] {processor.py:743} INFO - Processing file /opt/airflow/dags/dag1.py for tasks to queue
[2023-06-01T14:53:00.402+0000] {logging_mixin.py:137} INFO - [2023-06-01T14:53:00.402+0000] {dagbag.py:538} INFO - Filling up the DagBag from /opt/airflow/dags/dag1.py
[2023-06-01T14:53:00.418+0000] {processor.py:753} INFO - DAG(s) dict_keys(['dag_1']) retrieved from /opt/airflow/dags/dag1.py
[2023-06-01T14:53:00.442+0000] {logging_mixin.py:137} INFO - [2023-06-01T14:53:00.442+0000] {dag.py:2690} INFO - Sync 1 DAGs
[2023-06-01T14:53:00.473+0000] {logging_mixin.py:137} INFO - [2023-06-01T14:53:00.472+0000] {dag.py:3441} INFO - Setting next_dagrun for dag_1 to 2023-06-01T14:52:00+00:00, run_after=2023-06-01T14:53:00+00:00
[2023-06-01T14:53:00.489+0000] {processor.py:175} INFO - Processing /opt/airflow/dags/dag1.py took 0.091 seconds
[2023-06-01T14:53:31.002+0000] {processor.py:153} INFO - Started process (PID=19411) to work on /opt/airflow/dags/dag1.py
[2023-06-01T14:53:31.003+0000] {processor.py:743} INFO - Processing file /opt/airflow/dags/dag1.py for tasks to queue
[2023-06-01T14:53:31.003+0000] {logging_mixin.py:137} INFO - [2023-06-01T14:53:31.003+0000] {dagbag.py:538} INFO - Filling up the DagBag from /opt/airflow/dags/dag1.py
[2023-06-01T14:53:31.020+0000] {processor.py:753} INFO - DAG(s) dict_keys(['dag_1']) retrieved from /opt/airflow/dags/dag1.py
[2023-06-01T14:53:31.045+0000] {logging_mixin.py:137} INFO - [2023-06-01T14:53:31.045+0000] {dag.py:2690} INFO - Sync 1 DAGs
[2023-06-01T14:53:31.079+0000] {logging_mixin.py:137} INFO - [2023-06-01T14:53:31.079+0000] {dag.py:3441} INFO - Setting next_dagrun for dag_1 to 2023-06-01T14:52:00+00:00, run_after=2023-06-01T14:53:00+00:00
[2023-06-01T14:53:31.097+0000] {processor.py:175} INFO - Processing /opt/airflow/dags/dag1.py took 0.098 seconds
[2023-06-01T14:54:01.753+0000] {processor.py:153} INFO - Started process (PID=19493) to work on /opt/airflow/dags/dag1.py
[2023-06-01T14:54:01.754+0000] {processor.py:743} INFO - Processing file /opt/airflow/dags/dag1.py for tasks to queue
[2023-06-01T14:54:01.755+0000] {logging_mixin.py:137} INFO - [2023-06-01T14:54:01.755+0000] {dagbag.py:538} INFO - Filling up the DagBag from /opt/airflow/dags/dag1.py
[2023-06-01T14:54:01.770+0000] {processor.py:753} INFO - DAG(s) dict_keys(['dag_1']) retrieved from /opt/airflow/dags/dag1.py
[2023-06-01T14:54:01.791+0000] {logging_mixin.py:137} INFO - [2023-06-01T14:54:01.791+0000] {dag.py:2690} INFO - Sync 1 DAGs
[2023-06-01T14:54:01.824+0000] {logging_mixin.py:137} INFO - [2023-06-01T14:54:01.823+0000] {dag.py:3441} INFO - Setting next_dagrun for dag_1 to 2023-06-01T14:53:00+00:00, run_after=2023-06-01T14:54:00+00:00
[2023-06-01T14:54:01.845+0000] {processor.py:175} INFO - Processing /opt/airflow/dags/dag1.py took 0.094 seconds
[2023-06-01T14:54:32.252+0000] {processor.py:153} INFO - Started process (PID=19551) to work on /opt/airflow/dags/dag1.py
[2023-06-01T14:54:32.253+0000] {processor.py:743} INFO - Processing file /opt/airflow/dags/dag1.py for tasks to queue
[2023-06-01T14:54:32.253+0000] {logging_mixin.py:137} INFO - [2023-06-01T14:54:32.253+0000] {dagbag.py:538} INFO - Filling up the DagBag from /opt/airflow/dags/dag1.py
[2023-06-01T14:54:32.274+0000] {processor.py:753} INFO - DAG(s) dict_keys(['dag_1']) retrieved from /opt/airflow/dags/dag1.py
[2023-06-01T14:54:32.294+0000] {logging_mixin.py:137} INFO - [2023-06-01T14:54:32.294+0000] {dag.py:2690} INFO - Sync 1 DAGs
[2023-06-01T14:54:32.322+0000] {logging_mixin.py:137} INFO - [2023-06-01T14:54:32.322+0000] {dag.py:3441} INFO - Setting next_dagrun for dag_1 to 2023-06-01T14:53:00+00:00, run_after=2023-06-01T14:54:00+00:00
[2023-06-01T14:54:32.338+0000] {processor.py:175} INFO - Processing /opt/airflow/dags/dag1.py took 0.089 seconds
