[2023-06-01T14:47:20.592+0000] {processor.py:153} INFO - Started process (PID=18570) to work on /opt/airflow/dags/dag2.py
[2023-06-01T14:47:20.592+0000] {processor.py:743} INFO - Processing file /opt/airflow/dags/dag2.py for tasks to queue
[2023-06-01T14:47:20.593+0000] {logging_mixin.py:137} INFO - [2023-06-01T14:47:20.593+0000] {dagbag.py:538} INFO - Filling up the DagBag from /opt/airflow/dags/dag2.py
[2023-06-01T14:47:20.607+0000] {processor.py:753} INFO - DAG(s) dict_keys(['dag_2']) retrieved from /opt/airflow/dags/dag2.py
[2023-06-01T14:47:20.628+0000] {logging_mixin.py:137} INFO - [2023-06-01T14:47:20.628+0000] {dag.py:2690} INFO - Sync 1 DAGs
[2023-06-01T14:47:20.655+0000] {logging_mixin.py:137} INFO - [2023-06-01T14:47:20.655+0000] {dag.py:3441} INFO - Setting next_dagrun for dag_2 to 2023-06-01T14:46:00+00:00, run_after=2023-06-01T14:47:00+00:00
[2023-06-01T14:47:20.672+0000] {processor.py:175} INFO - Processing /opt/airflow/dags/dag2.py took 0.083 seconds
[2023-06-01T14:47:51.131+0000] {processor.py:153} INFO - Started process (PID=18652) to work on /opt/airflow/dags/dag2.py
[2023-06-01T14:47:51.132+0000] {processor.py:743} INFO - Processing file /opt/airflow/dags/dag2.py for tasks to queue
[2023-06-01T14:47:51.133+0000] {logging_mixin.py:137} INFO - [2023-06-01T14:47:51.132+0000] {dagbag.py:538} INFO - Filling up the DagBag from /opt/airflow/dags/dag2.py
[2023-06-01T14:47:51.150+0000] {processor.py:753} INFO - DAG(s) dict_keys(['dag_2']) retrieved from /opt/airflow/dags/dag2.py
[2023-06-01T14:47:51.171+0000] {logging_mixin.py:137} INFO - [2023-06-01T14:47:51.170+0000] {dag.py:2690} INFO - Sync 1 DAGs
[2023-06-01T14:47:51.207+0000] {logging_mixin.py:137} INFO - [2023-06-01T14:47:51.207+0000] {dag.py:3441} INFO - Setting next_dagrun for dag_2 to 2023-06-01T14:46:00+00:00, run_after=2023-06-01T14:47:00+00:00
[2023-06-01T14:47:51.228+0000] {processor.py:175} INFO - Processing /opt/airflow/dags/dag2.py took 0.102 seconds
[2023-06-01T14:48:21.765+0000] {processor.py:153} INFO - Started process (PID=18710) to work on /opt/airflow/dags/dag2.py
[2023-06-01T14:48:21.766+0000] {processor.py:743} INFO - Processing file /opt/airflow/dags/dag2.py for tasks to queue
[2023-06-01T14:48:21.767+0000] {logging_mixin.py:137} INFO - [2023-06-01T14:48:21.766+0000] {dagbag.py:538} INFO - Filling up the DagBag from /opt/airflow/dags/dag2.py
[2023-06-01T14:48:21.785+0000] {processor.py:753} INFO - DAG(s) dict_keys(['dag_2']) retrieved from /opt/airflow/dags/dag2.py
[2023-06-01T14:48:21.808+0000] {logging_mixin.py:137} INFO - [2023-06-01T14:48:21.808+0000] {dag.py:2690} INFO - Sync 1 DAGs
[2023-06-01T14:48:21.844+0000] {logging_mixin.py:137} INFO - [2023-06-01T14:48:21.844+0000] {dag.py:3441} INFO - Setting next_dagrun for dag_2 to 2023-06-01T14:47:00+00:00, run_after=2023-06-01T14:48:00+00:00
[2023-06-01T14:48:21.883+0000] {processor.py:175} INFO - Processing /opt/airflow/dags/dag2.py took 0.121 seconds
[2023-06-01T14:48:52.427+0000] {processor.py:153} INFO - Started process (PID=18792) to work on /opt/airflow/dags/dag2.py
[2023-06-01T14:48:52.428+0000] {processor.py:743} INFO - Processing file /opt/airflow/dags/dag2.py for tasks to queue
[2023-06-01T14:48:52.429+0000] {logging_mixin.py:137} INFO - [2023-06-01T14:48:52.429+0000] {dagbag.py:538} INFO - Filling up the DagBag from /opt/airflow/dags/dag2.py
[2023-06-01T14:48:52.445+0000] {processor.py:753} INFO - DAG(s) dict_keys(['dag_2']) retrieved from /opt/airflow/dags/dag2.py
[2023-06-01T14:48:52.468+0000] {logging_mixin.py:137} INFO - [2023-06-01T14:48:52.468+0000] {dag.py:2690} INFO - Sync 1 DAGs
[2023-06-01T14:48:52.500+0000] {logging_mixin.py:137} INFO - [2023-06-01T14:48:52.500+0000] {dag.py:3441} INFO - Setting next_dagrun for dag_2 to 2023-06-01T14:47:00+00:00, run_after=2023-06-01T14:48:00+00:00
[2023-06-01T14:48:52.521+0000] {processor.py:175} INFO - Processing /opt/airflow/dags/dag2.py took 0.097 seconds
[2023-06-01T14:49:23.061+0000] {processor.py:153} INFO - Started process (PID=18850) to work on /opt/airflow/dags/dag2.py
[2023-06-01T14:49:23.062+0000] {processor.py:743} INFO - Processing file /opt/airflow/dags/dag2.py for tasks to queue
[2023-06-01T14:49:23.063+0000] {logging_mixin.py:137} INFO - [2023-06-01T14:49:23.063+0000] {dagbag.py:538} INFO - Filling up the DagBag from /opt/airflow/dags/dag2.py
[2023-06-01T14:49:23.078+0000] {processor.py:753} INFO - DAG(s) dict_keys(['dag_2']) retrieved from /opt/airflow/dags/dag2.py
[2023-06-01T14:49:23.099+0000] {logging_mixin.py:137} INFO - [2023-06-01T14:49:23.099+0000] {dag.py:2690} INFO - Sync 1 DAGs
[2023-06-01T14:49:23.130+0000] {logging_mixin.py:137} INFO - [2023-06-01T14:49:23.130+0000] {dag.py:3441} INFO - Setting next_dagrun for dag_2 to 2023-06-01T14:48:00+00:00, run_after=2023-06-01T14:49:00+00:00
[2023-06-01T14:49:23.148+0000] {processor.py:175} INFO - Processing /opt/airflow/dags/dag2.py took 0.089 seconds
[2023-06-01T14:49:53.592+0000] {processor.py:153} INFO - Started process (PID=18932) to work on /opt/airflow/dags/dag2.py
[2023-06-01T14:49:53.593+0000] {processor.py:743} INFO - Processing file /opt/airflow/dags/dag2.py for tasks to queue
[2023-06-01T14:49:53.593+0000] {logging_mixin.py:137} INFO - [2023-06-01T14:49:53.593+0000] {dagbag.py:538} INFO - Filling up the DagBag from /opt/airflow/dags/dag2.py
[2023-06-01T14:49:53.609+0000] {processor.py:753} INFO - DAG(s) dict_keys(['dag_2']) retrieved from /opt/airflow/dags/dag2.py
[2023-06-01T14:49:53.630+0000] {logging_mixin.py:137} INFO - [2023-06-01T14:49:53.629+0000] {dag.py:2690} INFO - Sync 1 DAGs
[2023-06-01T14:49:53.659+0000] {logging_mixin.py:137} INFO - [2023-06-01T14:49:53.658+0000] {dag.py:3441} INFO - Setting next_dagrun for dag_2 to 2023-06-01T14:48:00+00:00, run_after=2023-06-01T14:49:00+00:00
[2023-06-01T14:49:53.675+0000] {processor.py:175} INFO - Processing /opt/airflow/dags/dag2.py took 0.086 seconds
[2023-06-01T14:50:24.223+0000] {processor.py:153} INFO - Started process (PID=18990) to work on /opt/airflow/dags/dag2.py
[2023-06-01T14:50:24.223+0000] {processor.py:743} INFO - Processing file /opt/airflow/dags/dag2.py for tasks to queue
[2023-06-01T14:50:24.223+0000] {logging_mixin.py:137} INFO - [2023-06-01T14:50:24.223+0000] {dagbag.py:538} INFO - Filling up the DagBag from /opt/airflow/dags/dag2.py
[2023-06-01T14:50:24.240+0000] {processor.py:753} INFO - DAG(s) dict_keys(['dag_2']) retrieved from /opt/airflow/dags/dag2.py
[2023-06-01T14:50:24.260+0000] {logging_mixin.py:137} INFO - [2023-06-01T14:50:24.260+0000] {dag.py:2690} INFO - Sync 1 DAGs
[2023-06-01T14:50:24.289+0000] {logging_mixin.py:137} INFO - [2023-06-01T14:50:24.289+0000] {dag.py:3441} INFO - Setting next_dagrun for dag_2 to 2023-06-01T14:49:00+00:00, run_after=2023-06-01T14:50:00+00:00
[2023-06-01T14:50:24.304+0000] {processor.py:175} INFO - Processing /opt/airflow/dags/dag2.py took 0.084 seconds
[2023-06-01T14:50:54.712+0000] {processor.py:153} INFO - Started process (PID=19072) to work on /opt/airflow/dags/dag2.py
[2023-06-01T14:50:54.712+0000] {processor.py:743} INFO - Processing file /opt/airflow/dags/dag2.py for tasks to queue
[2023-06-01T14:50:54.713+0000] {logging_mixin.py:137} INFO - [2023-06-01T14:50:54.713+0000] {dagbag.py:538} INFO - Filling up the DagBag from /opt/airflow/dags/dag2.py
[2023-06-01T14:50:54.733+0000] {processor.py:753} INFO - DAG(s) dict_keys(['dag_2']) retrieved from /opt/airflow/dags/dag2.py
[2023-06-01T14:50:54.756+0000] {logging_mixin.py:137} INFO - [2023-06-01T14:50:54.756+0000] {dag.py:2690} INFO - Sync 1 DAGs
[2023-06-01T14:50:54.795+0000] {logging_mixin.py:137} INFO - [2023-06-01T14:50:54.795+0000] {dag.py:3441} INFO - Setting next_dagrun for dag_2 to 2023-06-01T14:49:00+00:00, run_after=2023-06-01T14:50:00+00:00
[2023-06-01T14:50:54.843+0000] {processor.py:175} INFO - Processing /opt/airflow/dags/dag2.py took 0.134 seconds
[2023-06-01T14:51:25.439+0000] {processor.py:153} INFO - Started process (PID=19130) to work on /opt/airflow/dags/dag2.py
[2023-06-01T14:51:25.441+0000] {processor.py:743} INFO - Processing file /opt/airflow/dags/dag2.py for tasks to queue
[2023-06-01T14:51:25.442+0000] {logging_mixin.py:137} INFO - [2023-06-01T14:51:25.441+0000] {dagbag.py:538} INFO - Filling up the DagBag from /opt/airflow/dags/dag2.py
[2023-06-01T14:51:25.466+0000] {processor.py:753} INFO - DAG(s) dict_keys(['dag_2']) retrieved from /opt/airflow/dags/dag2.py
[2023-06-01T14:51:25.498+0000] {logging_mixin.py:137} INFO - [2023-06-01T14:51:25.498+0000] {dag.py:2690} INFO - Sync 1 DAGs
[2023-06-01T14:51:25.544+0000] {logging_mixin.py:137} INFO - [2023-06-01T14:51:25.543+0000] {dag.py:3441} INFO - Setting next_dagrun for dag_2 to 2023-06-01T14:50:00+00:00, run_after=2023-06-01T14:51:00+00:00
[2023-06-01T14:51:25.569+0000] {processor.py:175} INFO - Processing /opt/airflow/dags/dag2.py took 0.134 seconds
[2023-06-01T14:51:56.307+0000] {processor.py:153} INFO - Started process (PID=19188) to work on /opt/airflow/dags/dag2.py
[2023-06-01T14:51:56.308+0000] {processor.py:743} INFO - Processing file /opt/airflow/dags/dag2.py for tasks to queue
[2023-06-01T14:51:56.309+0000] {logging_mixin.py:137} INFO - [2023-06-01T14:51:56.309+0000] {dagbag.py:538} INFO - Filling up the DagBag from /opt/airflow/dags/dag2.py
[2023-06-01T14:51:56.327+0000] {processor.py:753} INFO - DAG(s) dict_keys(['dag_2']) retrieved from /opt/airflow/dags/dag2.py
[2023-06-01T14:51:56.349+0000] {logging_mixin.py:137} INFO - [2023-06-01T14:51:56.349+0000] {dag.py:2690} INFO - Sync 1 DAGs
[2023-06-01T14:51:56.382+0000] {logging_mixin.py:137} INFO - [2023-06-01T14:51:56.382+0000] {dag.py:3441} INFO - Setting next_dagrun for dag_2 to 2023-06-01T14:50:00+00:00, run_after=2023-06-01T14:51:00+00:00
[2023-06-01T14:51:56.399+0000] {processor.py:175} INFO - Processing /opt/airflow/dags/dag2.py took 0.095 seconds
[2023-06-01T14:52:26.873+0000] {processor.py:153} INFO - Started process (PID=19270) to work on /opt/airflow/dags/dag2.py
[2023-06-01T14:52:26.874+0000] {processor.py:743} INFO - Processing file /opt/airflow/dags/dag2.py for tasks to queue
[2023-06-01T14:52:26.875+0000] {logging_mixin.py:137} INFO - [2023-06-01T14:52:26.874+0000] {dagbag.py:538} INFO - Filling up the DagBag from /opt/airflow/dags/dag2.py
[2023-06-01T14:52:26.891+0000] {processor.py:753} INFO - DAG(s) dict_keys(['dag_2']) retrieved from /opt/airflow/dags/dag2.py
[2023-06-01T14:52:26.910+0000] {logging_mixin.py:137} INFO - [2023-06-01T14:52:26.910+0000] {dag.py:2690} INFO - Sync 1 DAGs
[2023-06-01T14:52:26.940+0000] {logging_mixin.py:137} INFO - [2023-06-01T14:52:26.940+0000] {dag.py:3441} INFO - Setting next_dagrun for dag_2 to 2023-06-01T14:51:00+00:00, run_after=2023-06-01T14:52:00+00:00
[2023-06-01T14:52:26.956+0000] {processor.py:175} INFO - Processing /opt/airflow/dags/dag2.py took 0.085 seconds
[2023-06-01T14:52:57.286+0000] {processor.py:153} INFO - Started process (PID=19328) to work on /opt/airflow/dags/dag2.py
[2023-06-01T14:52:57.287+0000] {processor.py:743} INFO - Processing file /opt/airflow/dags/dag2.py for tasks to queue
[2023-06-01T14:52:57.287+0000] {logging_mixin.py:137} INFO - [2023-06-01T14:52:57.287+0000] {dagbag.py:538} INFO - Filling up the DagBag from /opt/airflow/dags/dag2.py
[2023-06-01T14:52:57.304+0000] {processor.py:753} INFO - DAG(s) dict_keys(['dag_2']) retrieved from /opt/airflow/dags/dag2.py
[2023-06-01T14:52:57.328+0000] {logging_mixin.py:137} INFO - [2023-06-01T14:52:57.327+0000] {dag.py:2690} INFO - Sync 1 DAGs
[2023-06-01T14:52:57.356+0000] {logging_mixin.py:137} INFO - [2023-06-01T14:52:57.356+0000] {dag.py:3441} INFO - Setting next_dagrun for dag_2 to 2023-06-01T14:51:00+00:00, run_after=2023-06-01T14:52:00+00:00
[2023-06-01T14:52:57.372+0000] {processor.py:175} INFO - Processing /opt/airflow/dags/dag2.py took 0.089 seconds
[2023-06-01T14:53:27.871+0000] {processor.py:153} INFO - Started process (PID=19410) to work on /opt/airflow/dags/dag2.py
[2023-06-01T14:53:27.871+0000] {processor.py:743} INFO - Processing file /opt/airflow/dags/dag2.py for tasks to queue
[2023-06-01T14:53:27.872+0000] {logging_mixin.py:137} INFO - [2023-06-01T14:53:27.871+0000] {dagbag.py:538} INFO - Filling up the DagBag from /opt/airflow/dags/dag2.py
[2023-06-01T14:53:27.887+0000] {processor.py:753} INFO - DAG(s) dict_keys(['dag_2']) retrieved from /opt/airflow/dags/dag2.py
[2023-06-01T14:53:27.907+0000] {logging_mixin.py:137} INFO - [2023-06-01T14:53:27.907+0000] {dag.py:2690} INFO - Sync 1 DAGs
[2023-06-01T14:53:27.940+0000] {logging_mixin.py:137} INFO - [2023-06-01T14:53:27.939+0000] {dag.py:3441} INFO - Setting next_dagrun for dag_2 to 2023-06-01T14:52:00+00:00, run_after=2023-06-01T14:53:00+00:00
[2023-06-01T14:53:27.960+0000] {processor.py:175} INFO - Processing /opt/airflow/dags/dag2.py took 0.092 seconds
[2023-06-01T14:53:58.641+0000] {processor.py:153} INFO - Started process (PID=19468) to work on /opt/airflow/dags/dag2.py
[2023-06-01T14:53:58.643+0000] {processor.py:743} INFO - Processing file /opt/airflow/dags/dag2.py for tasks to queue
[2023-06-01T14:53:58.643+0000] {logging_mixin.py:137} INFO - [2023-06-01T14:53:58.643+0000] {dagbag.py:538} INFO - Filling up the DagBag from /opt/airflow/dags/dag2.py
[2023-06-01T14:53:58.659+0000] {processor.py:753} INFO - DAG(s) dict_keys(['dag_2']) retrieved from /opt/airflow/dags/dag2.py
[2023-06-01T14:53:58.682+0000] {logging_mixin.py:137} INFO - [2023-06-01T14:53:58.682+0000] {dag.py:2690} INFO - Sync 1 DAGs
[2023-06-01T14:53:58.713+0000] {logging_mixin.py:137} INFO - [2023-06-01T14:53:58.713+0000] {dag.py:3441} INFO - Setting next_dagrun for dag_2 to 2023-06-01T14:52:00+00:00, run_after=2023-06-01T14:53:00+00:00
[2023-06-01T14:53:58.729+0000] {processor.py:175} INFO - Processing /opt/airflow/dags/dag2.py took 0.090 seconds
[2023-06-01T14:54:29.182+0000] {processor.py:153} INFO - Started process (PID=19550) to work on /opt/airflow/dags/dag2.py
[2023-06-01T14:54:29.183+0000] {processor.py:743} INFO - Processing file /opt/airflow/dags/dag2.py for tasks to queue
[2023-06-01T14:54:29.183+0000] {logging_mixin.py:137} INFO - [2023-06-01T14:54:29.183+0000] {dagbag.py:538} INFO - Filling up the DagBag from /opt/airflow/dags/dag2.py
[2023-06-01T14:54:29.199+0000] {processor.py:753} INFO - DAG(s) dict_keys(['dag_2']) retrieved from /opt/airflow/dags/dag2.py
[2023-06-01T14:54:29.219+0000] {logging_mixin.py:137} INFO - [2023-06-01T14:54:29.219+0000] {dag.py:2690} INFO - Sync 1 DAGs
[2023-06-01T14:54:29.249+0000] {logging_mixin.py:137} INFO - [2023-06-01T14:54:29.249+0000] {dag.py:3441} INFO - Setting next_dagrun for dag_2 to 2023-06-01T14:53:00+00:00, run_after=2023-06-01T14:54:00+00:00
[2023-06-01T14:54:29.264+0000] {processor.py:175} INFO - Processing /opt/airflow/dags/dag2.py took 0.084 seconds
