[2023-06-01T14:47:20.585+0000] {processor.py:153} INFO - Started process (PID=18569) to work on /opt/airflow/dags/dag3.py
[2023-06-01T14:47:20.586+0000] {processor.py:743} INFO - Processing file /opt/airflow/dags/dag3.py for tasks to queue
[2023-06-01T14:47:20.586+0000] {logging_mixin.py:137} INFO - [2023-06-01T14:47:20.586+0000] {dagbag.py:538} INFO - Filling up the DagBag from /opt/airflow/dags/dag3.py
[2023-06-01T14:47:20.602+0000] {processor.py:753} INFO - DAG(s) dict_keys(['Dag_master']) retrieved from /opt/airflow/dags/dag3.py
[2023-06-01T14:47:20.624+0000] {logging_mixin.py:137} INFO - [2023-06-01T14:47:20.624+0000] {dag.py:2690} INFO - Sync 1 DAGs
[2023-06-01T14:47:20.653+0000] {logging_mixin.py:137} INFO - [2023-06-01T14:47:20.653+0000] {dag.py:3441} INFO - Setting next_dagrun for Dag_master to 2023-06-01T14:46:00+00:00, run_after=2023-06-01T14:47:00+00:00
[2023-06-01T14:47:20.669+0000] {processor.py:175} INFO - Processing /opt/airflow/dags/dag3.py took 0.087 seconds
[2023-06-01T14:47:51.122+0000] {processor.py:153} INFO - Started process (PID=18651) to work on /opt/airflow/dags/dag3.py
[2023-06-01T14:47:51.123+0000] {processor.py:743} INFO - Processing file /opt/airflow/dags/dag3.py for tasks to queue
[2023-06-01T14:47:51.123+0000] {logging_mixin.py:137} INFO - [2023-06-01T14:47:51.123+0000] {dagbag.py:538} INFO - Filling up the DagBag from /opt/airflow/dags/dag3.py
[2023-06-01T14:47:51.143+0000] {processor.py:753} INFO - DAG(s) dict_keys(['Dag_master']) retrieved from /opt/airflow/dags/dag3.py
[2023-06-01T14:47:51.167+0000] {logging_mixin.py:137} INFO - [2023-06-01T14:47:51.166+0000] {dag.py:2690} INFO - Sync 1 DAGs
[2023-06-01T14:47:51.206+0000] {logging_mixin.py:137} INFO - [2023-06-01T14:47:51.206+0000] {dag.py:3441} INFO - Setting next_dagrun for Dag_master to 2023-06-01T14:46:00+00:00, run_after=2023-06-01T14:47:00+00:00
[2023-06-01T14:47:51.228+0000] {processor.py:175} INFO - Processing /opt/airflow/dags/dag3.py took 0.109 seconds
[2023-06-01T14:48:21.757+0000] {processor.py:153} INFO - Started process (PID=18709) to work on /opt/airflow/dags/dag3.py
[2023-06-01T14:48:21.758+0000] {processor.py:743} INFO - Processing file /opt/airflow/dags/dag3.py for tasks to queue
[2023-06-01T14:48:21.759+0000] {logging_mixin.py:137} INFO - [2023-06-01T14:48:21.759+0000] {dagbag.py:538} INFO - Filling up the DagBag from /opt/airflow/dags/dag3.py
[2023-06-01T14:48:21.778+0000] {processor.py:753} INFO - DAG(s) dict_keys(['Dag_master']) retrieved from /opt/airflow/dags/dag3.py
[2023-06-01T14:48:21.802+0000] {logging_mixin.py:137} INFO - [2023-06-01T14:48:21.802+0000] {dag.py:2690} INFO - Sync 1 DAGs
[2023-06-01T14:48:21.837+0000] {logging_mixin.py:137} INFO - [2023-06-01T14:48:21.837+0000] {dag.py:3441} INFO - Setting next_dagrun for Dag_master to 2023-06-01T14:47:00+00:00, run_after=2023-06-01T14:48:00+00:00
[2023-06-01T14:48:21.861+0000] {processor.py:175} INFO - Processing /opt/airflow/dags/dag3.py took 0.107 seconds
[2023-06-01T14:48:52.419+0000] {processor.py:153} INFO - Started process (PID=18791) to work on /opt/airflow/dags/dag3.py
[2023-06-01T14:48:52.420+0000] {processor.py:743} INFO - Processing file /opt/airflow/dags/dag3.py for tasks to queue
[2023-06-01T14:48:52.421+0000] {logging_mixin.py:137} INFO - [2023-06-01T14:48:52.421+0000] {dagbag.py:538} INFO - Filling up the DagBag from /opt/airflow/dags/dag3.py
[2023-06-01T14:48:52.440+0000] {processor.py:753} INFO - DAG(s) dict_keys(['Dag_master']) retrieved from /opt/airflow/dags/dag3.py
[2023-06-01T14:48:52.463+0000] {logging_mixin.py:137} INFO - [2023-06-01T14:48:52.463+0000] {dag.py:2690} INFO - Sync 1 DAGs
[2023-06-01T14:48:52.495+0000] {logging_mixin.py:137} INFO - [2023-06-01T14:48:52.495+0000] {dag.py:3441} INFO - Setting next_dagrun for Dag_master to 2023-06-01T14:47:00+00:00, run_after=2023-06-01T14:48:00+00:00
[2023-06-01T14:48:52.517+0000] {processor.py:175} INFO - Processing /opt/airflow/dags/dag3.py took 0.101 seconds
[2023-06-01T14:49:23.056+0000] {processor.py:153} INFO - Started process (PID=18849) to work on /opt/airflow/dags/dag3.py
[2023-06-01T14:49:23.057+0000] {processor.py:743} INFO - Processing file /opt/airflow/dags/dag3.py for tasks to queue
[2023-06-01T14:49:23.058+0000] {logging_mixin.py:137} INFO - [2023-06-01T14:49:23.058+0000] {dagbag.py:538} INFO - Filling up the DagBag from /opt/airflow/dags/dag3.py
[2023-06-01T14:49:23.073+0000] {processor.py:753} INFO - DAG(s) dict_keys(['Dag_master']) retrieved from /opt/airflow/dags/dag3.py
[2023-06-01T14:49:23.095+0000] {logging_mixin.py:137} INFO - [2023-06-01T14:49:23.095+0000] {dag.py:2690} INFO - Sync 1 DAGs
[2023-06-01T14:49:23.126+0000] {logging_mixin.py:137} INFO - [2023-06-01T14:49:23.126+0000] {dag.py:3441} INFO - Setting next_dagrun for Dag_master to 2023-06-01T14:48:00+00:00, run_after=2023-06-01T14:49:00+00:00
[2023-06-01T14:49:23.145+0000] {processor.py:175} INFO - Processing /opt/airflow/dags/dag3.py took 0.092 seconds
[2023-06-01T14:49:53.586+0000] {processor.py:153} INFO - Started process (PID=18931) to work on /opt/airflow/dags/dag3.py
[2023-06-01T14:49:53.588+0000] {processor.py:743} INFO - Processing file /opt/airflow/dags/dag3.py for tasks to queue
[2023-06-01T14:49:53.589+0000] {logging_mixin.py:137} INFO - [2023-06-01T14:49:53.589+0000] {dagbag.py:538} INFO - Filling up the DagBag from /opt/airflow/dags/dag3.py
[2023-06-01T14:49:53.604+0000] {processor.py:753} INFO - DAG(s) dict_keys(['Dag_master']) retrieved from /opt/airflow/dags/dag3.py
[2023-06-01T14:49:53.626+0000] {logging_mixin.py:137} INFO - [2023-06-01T14:49:53.626+0000] {dag.py:2690} INFO - Sync 1 DAGs
[2023-06-01T14:49:53.656+0000] {logging_mixin.py:137} INFO - [2023-06-01T14:49:53.656+0000] {dag.py:3441} INFO - Setting next_dagrun for Dag_master to 2023-06-01T14:48:00+00:00, run_after=2023-06-01T14:49:00+00:00
[2023-06-01T14:49:53.672+0000] {processor.py:175} INFO - Processing /opt/airflow/dags/dag3.py took 0.089 seconds
[2023-06-01T14:50:24.217+0000] {processor.py:153} INFO - Started process (PID=18989) to work on /opt/airflow/dags/dag3.py
[2023-06-01T14:50:24.218+0000] {processor.py:743} INFO - Processing file /opt/airflow/dags/dag3.py for tasks to queue
[2023-06-01T14:50:24.219+0000] {logging_mixin.py:137} INFO - [2023-06-01T14:50:24.218+0000] {dagbag.py:538} INFO - Filling up the DagBag from /opt/airflow/dags/dag3.py
[2023-06-01T14:50:24.235+0000] {processor.py:753} INFO - DAG(s) dict_keys(['Dag_master']) retrieved from /opt/airflow/dags/dag3.py
[2023-06-01T14:50:24.255+0000] {logging_mixin.py:137} INFO - [2023-06-01T14:50:24.255+0000] {dag.py:2690} INFO - Sync 1 DAGs
[2023-06-01T14:50:24.284+0000] {logging_mixin.py:137} INFO - [2023-06-01T14:50:24.284+0000] {dag.py:3441} INFO - Setting next_dagrun for Dag_master to 2023-06-01T14:49:00+00:00, run_after=2023-06-01T14:50:00+00:00
[2023-06-01T14:50:24.300+0000] {processor.py:175} INFO - Processing /opt/airflow/dags/dag3.py took 0.086 seconds
[2023-06-01T14:50:54.705+0000] {processor.py:153} INFO - Started process (PID=19071) to work on /opt/airflow/dags/dag3.py
[2023-06-01T14:50:54.706+0000] {processor.py:743} INFO - Processing file /opt/airflow/dags/dag3.py for tasks to queue
[2023-06-01T14:50:54.706+0000] {logging_mixin.py:137} INFO - [2023-06-01T14:50:54.706+0000] {dagbag.py:538} INFO - Filling up the DagBag from /opt/airflow/dags/dag3.py
[2023-06-01T14:50:54.722+0000] {processor.py:753} INFO - DAG(s) dict_keys(['Dag_master']) retrieved from /opt/airflow/dags/dag3.py
[2023-06-01T14:50:54.747+0000] {logging_mixin.py:137} INFO - [2023-06-01T14:50:54.746+0000] {dag.py:2690} INFO - Sync 1 DAGs
[2023-06-01T14:50:54.787+0000] {logging_mixin.py:137} INFO - [2023-06-01T14:50:54.787+0000] {dag.py:3441} INFO - Setting next_dagrun for Dag_master to 2023-06-01T14:49:00+00:00, run_after=2023-06-01T14:50:00+00:00
[2023-06-01T14:50:54.845+0000] {processor.py:175} INFO - Processing /opt/airflow/dags/dag3.py took 0.142 seconds
[2023-06-01T14:51:25.429+0000] {processor.py:153} INFO - Started process (PID=19129) to work on /opt/airflow/dags/dag3.py
[2023-06-01T14:51:25.431+0000] {processor.py:743} INFO - Processing file /opt/airflow/dags/dag3.py for tasks to queue
[2023-06-01T14:51:25.432+0000] {logging_mixin.py:137} INFO - [2023-06-01T14:51:25.432+0000] {dagbag.py:538} INFO - Filling up the DagBag from /opt/airflow/dags/dag3.py
[2023-06-01T14:51:25.456+0000] {processor.py:753} INFO - DAG(s) dict_keys(['Dag_master']) retrieved from /opt/airflow/dags/dag3.py
[2023-06-01T14:51:25.488+0000] {logging_mixin.py:137} INFO - [2023-06-01T14:51:25.488+0000] {dag.py:2690} INFO - Sync 1 DAGs
[2023-06-01T14:51:25.539+0000] {logging_mixin.py:137} INFO - [2023-06-01T14:51:25.539+0000] {dag.py:3441} INFO - Setting next_dagrun for Dag_master to 2023-06-01T14:50:00+00:00, run_after=2023-06-01T14:51:00+00:00
[2023-06-01T14:51:25.565+0000] {processor.py:175} INFO - Processing /opt/airflow/dags/dag3.py took 0.140 seconds
[2023-06-01T14:51:56.301+0000] {processor.py:153} INFO - Started process (PID=19187) to work on /opt/airflow/dags/dag3.py
[2023-06-01T14:51:56.302+0000] {processor.py:743} INFO - Processing file /opt/airflow/dags/dag3.py for tasks to queue
[2023-06-01T14:51:56.303+0000] {logging_mixin.py:137} INFO - [2023-06-01T14:51:56.303+0000] {dagbag.py:538} INFO - Filling up the DagBag from /opt/airflow/dags/dag3.py
[2023-06-01T14:51:56.321+0000] {processor.py:753} INFO - DAG(s) dict_keys(['Dag_master']) retrieved from /opt/airflow/dags/dag3.py
[2023-06-01T14:51:56.344+0000] {logging_mixin.py:137} INFO - [2023-06-01T14:51:56.344+0000] {dag.py:2690} INFO - Sync 1 DAGs
[2023-06-01T14:51:56.377+0000] {logging_mixin.py:137} INFO - [2023-06-01T14:51:56.377+0000] {dag.py:3441} INFO - Setting next_dagrun for Dag_master to 2023-06-01T14:50:00+00:00, run_after=2023-06-01T14:51:00+00:00
[2023-06-01T14:51:56.395+0000] {processor.py:175} INFO - Processing /opt/airflow/dags/dag3.py took 0.097 seconds
[2023-06-01T14:52:26.867+0000] {processor.py:153} INFO - Started process (PID=19269) to work on /opt/airflow/dags/dag3.py
[2023-06-01T14:52:26.867+0000] {processor.py:743} INFO - Processing file /opt/airflow/dags/dag3.py for tasks to queue
[2023-06-01T14:52:26.868+0000] {logging_mixin.py:137} INFO - [2023-06-01T14:52:26.868+0000] {dagbag.py:538} INFO - Filling up the DagBag from /opt/airflow/dags/dag3.py
[2023-06-01T14:52:26.884+0000] {processor.py:753} INFO - DAG(s) dict_keys(['Dag_master']) retrieved from /opt/airflow/dags/dag3.py
[2023-06-01T14:52:26.904+0000] {logging_mixin.py:137} INFO - [2023-06-01T14:52:26.904+0000] {dag.py:2690} INFO - Sync 1 DAGs
[2023-06-01T14:52:26.934+0000] {logging_mixin.py:137} INFO - [2023-06-01T14:52:26.934+0000] {dag.py:3441} INFO - Setting next_dagrun for Dag_master to 2023-06-01T14:51:00+00:00, run_after=2023-06-01T14:52:00+00:00
[2023-06-01T14:52:26.949+0000] {processor.py:175} INFO - Processing /opt/airflow/dags/dag3.py took 0.085 seconds
[2023-06-01T14:52:57.280+0000] {processor.py:153} INFO - Started process (PID=19327) to work on /opt/airflow/dags/dag3.py
[2023-06-01T14:52:57.281+0000] {processor.py:743} INFO - Processing file /opt/airflow/dags/dag3.py for tasks to queue
[2023-06-01T14:52:57.281+0000] {logging_mixin.py:137} INFO - [2023-06-01T14:52:57.281+0000] {dagbag.py:538} INFO - Filling up the DagBag from /opt/airflow/dags/dag3.py
[2023-06-01T14:52:57.298+0000] {processor.py:753} INFO - DAG(s) dict_keys(['Dag_master']) retrieved from /opt/airflow/dags/dag3.py
[2023-06-01T14:52:57.322+0000] {logging_mixin.py:137} INFO - [2023-06-01T14:52:57.322+0000] {dag.py:2690} INFO - Sync 1 DAGs
[2023-06-01T14:52:57.353+0000] {logging_mixin.py:137} INFO - [2023-06-01T14:52:57.353+0000] {dag.py:3441} INFO - Setting next_dagrun for Dag_master to 2023-06-01T14:51:00+00:00, run_after=2023-06-01T14:52:00+00:00
[2023-06-01T14:52:57.369+0000] {processor.py:175} INFO - Processing /opt/airflow/dags/dag3.py took 0.092 seconds
[2023-06-01T14:53:27.860+0000] {processor.py:153} INFO - Started process (PID=19409) to work on /opt/airflow/dags/dag3.py
[2023-06-01T14:53:27.861+0000] {processor.py:743} INFO - Processing file /opt/airflow/dags/dag3.py for tasks to queue
[2023-06-01T14:53:27.862+0000] {logging_mixin.py:137} INFO - [2023-06-01T14:53:27.862+0000] {dagbag.py:538} INFO - Filling up the DagBag from /opt/airflow/dags/dag3.py
[2023-06-01T14:53:27.878+0000] {processor.py:753} INFO - DAG(s) dict_keys(['Dag_master']) retrieved from /opt/airflow/dags/dag3.py
[2023-06-01T14:53:27.905+0000] {logging_mixin.py:137} INFO - [2023-06-01T14:53:27.905+0000] {dag.py:2690} INFO - Sync 1 DAGs
[2023-06-01T14:53:27.951+0000] {logging_mixin.py:137} INFO - [2023-06-01T14:53:27.950+0000] {dag.py:3441} INFO - Setting next_dagrun for Dag_master to 2023-06-01T14:52:00+00:00, run_after=2023-06-01T14:53:00+00:00
[2023-06-01T14:53:27.973+0000] {processor.py:175} INFO - Processing /opt/airflow/dags/dag3.py took 0.115 seconds
[2023-06-01T14:53:58.631+0000] {processor.py:153} INFO - Started process (PID=19467) to work on /opt/airflow/dags/dag3.py
[2023-06-01T14:53:58.632+0000] {processor.py:743} INFO - Processing file /opt/airflow/dags/dag3.py for tasks to queue
[2023-06-01T14:53:58.633+0000] {logging_mixin.py:137} INFO - [2023-06-01T14:53:58.633+0000] {dagbag.py:538} INFO - Filling up the DagBag from /opt/airflow/dags/dag3.py
[2023-06-01T14:53:58.649+0000] {processor.py:753} INFO - DAG(s) dict_keys(['Dag_master']) retrieved from /opt/airflow/dags/dag3.py
[2023-06-01T14:53:58.673+0000] {logging_mixin.py:137} INFO - [2023-06-01T14:53:58.673+0000] {dag.py:2690} INFO - Sync 1 DAGs
[2023-06-01T14:53:58.704+0000] {logging_mixin.py:137} INFO - [2023-06-01T14:53:58.704+0000] {dag.py:3441} INFO - Setting next_dagrun for Dag_master to 2023-06-01T14:52:00+00:00, run_after=2023-06-01T14:53:00+00:00
[2023-06-01T14:53:58.721+0000] {processor.py:175} INFO - Processing /opt/airflow/dags/dag3.py took 0.092 seconds
[2023-06-01T14:54:29.176+0000] {processor.py:153} INFO - Started process (PID=19549) to work on /opt/airflow/dags/dag3.py
[2023-06-01T14:54:29.177+0000] {processor.py:743} INFO - Processing file /opt/airflow/dags/dag3.py for tasks to queue
[2023-06-01T14:54:29.177+0000] {logging_mixin.py:137} INFO - [2023-06-01T14:54:29.177+0000] {dagbag.py:538} INFO - Filling up the DagBag from /opt/airflow/dags/dag3.py
[2023-06-01T14:54:29.193+0000] {processor.py:753} INFO - DAG(s) dict_keys(['Dag_master']) retrieved from /opt/airflow/dags/dag3.py
[2023-06-01T14:54:29.215+0000] {logging_mixin.py:137} INFO - [2023-06-01T14:54:29.214+0000] {dag.py:2690} INFO - Sync 1 DAGs
[2023-06-01T14:54:29.245+0000] {logging_mixin.py:137} INFO - [2023-06-01T14:54:29.245+0000] {dag.py:3441} INFO - Setting next_dagrun for Dag_master to 2023-06-01T14:53:00+00:00, run_after=2023-06-01T14:54:00+00:00
[2023-06-01T14:54:29.261+0000] {processor.py:175} INFO - Processing /opt/airflow/dags/dag3.py took 0.087 seconds
