[2023-06-01T14:47:31.656+0000] {processor.py:153} INFO - Started process (PID=18596) to work on /opt/airflow/dags/every10s.py
[2023-06-01T14:47:31.656+0000] {processor.py:743} INFO - Processing file /opt/airflow/dags/every10s.py for tasks to queue
[2023-06-01T14:47:31.657+0000] {logging_mixin.py:137} INFO - [2023-06-01T14:47:31.656+0000] {dagbag.py:538} INFO - Filling up the DagBag from /opt/airflow/dags/every10s.py
[2023-06-01T14:47:31.669+0000] {processor.py:753} INFO - DAG(s) dict_keys(['every10s']) retrieved from /opt/airflow/dags/every10s.py
[2023-06-01T14:47:31.691+0000] {logging_mixin.py:137} INFO - [2023-06-01T14:47:31.691+0000] {dag.py:2690} INFO - Sync 1 DAGs
[2023-06-01T14:47:31.714+0000] {logging_mixin.py:137} INFO - [2023-06-01T14:47:31.714+0000] {dag.py:3441} INFO - Setting next_dagrun for every10s to None, run_after=None
[2023-06-01T14:47:31.728+0000] {processor.py:175} INFO - Processing /opt/airflow/dags/every10s.py took 0.076 seconds
[2023-06-01T14:48:02.302+0000] {processor.py:153} INFO - Started process (PID=18678) to work on /opt/airflow/dags/every10s.py
[2023-06-01T14:48:02.303+0000] {processor.py:743} INFO - Processing file /opt/airflow/dags/every10s.py for tasks to queue
[2023-06-01T14:48:02.304+0000] {logging_mixin.py:137} INFO - [2023-06-01T14:48:02.304+0000] {dagbag.py:538} INFO - Filling up the DagBag from /opt/airflow/dags/every10s.py
[2023-06-01T14:48:02.320+0000] {processor.py:753} INFO - DAG(s) dict_keys(['every10s']) retrieved from /opt/airflow/dags/every10s.py
[2023-06-01T14:48:02.346+0000] {logging_mixin.py:137} INFO - [2023-06-01T14:48:02.346+0000] {dag.py:2690} INFO - Sync 1 DAGs
[2023-06-01T14:48:02.372+0000] {logging_mixin.py:137} INFO - [2023-06-01T14:48:02.372+0000] {dag.py:3441} INFO - Setting next_dagrun for every10s to None, run_after=None
[2023-06-01T14:48:02.393+0000] {processor.py:175} INFO - Processing /opt/airflow/dags/every10s.py took 0.094 seconds
[2023-06-01T14:48:32.968+0000] {processor.py:153} INFO - Started process (PID=18736) to work on /opt/airflow/dags/every10s.py
[2023-06-01T14:48:32.969+0000] {processor.py:743} INFO - Processing file /opt/airflow/dags/every10s.py for tasks to queue
[2023-06-01T14:48:32.969+0000] {logging_mixin.py:137} INFO - [2023-06-01T14:48:32.969+0000] {dagbag.py:538} INFO - Filling up the DagBag from /opt/airflow/dags/every10s.py
[2023-06-01T14:48:32.981+0000] {processor.py:753} INFO - DAG(s) dict_keys(['every10s']) retrieved from /opt/airflow/dags/every10s.py
[2023-06-01T14:48:33.016+0000] {logging_mixin.py:137} INFO - [2023-06-01T14:48:33.016+0000] {dag.py:2690} INFO - Sync 1 DAGs
[2023-06-01T14:48:33.041+0000] {logging_mixin.py:137} INFO - [2023-06-01T14:48:33.041+0000] {dag.py:3441} INFO - Setting next_dagrun for every10s to None, run_after=None
[2023-06-01T14:48:33.058+0000] {processor.py:175} INFO - Processing /opt/airflow/dags/every10s.py took 0.093 seconds
[2023-06-01T14:49:03.626+0000] {processor.py:153} INFO - Started process (PID=18818) to work on /opt/airflow/dags/every10s.py
[2023-06-01T14:49:03.627+0000] {processor.py:743} INFO - Processing file /opt/airflow/dags/every10s.py for tasks to queue
[2023-06-01T14:49:03.628+0000] {logging_mixin.py:137} INFO - [2023-06-01T14:49:03.628+0000] {dagbag.py:538} INFO - Filling up the DagBag from /opt/airflow/dags/every10s.py
[2023-06-01T14:49:03.641+0000] {processor.py:753} INFO - DAG(s) dict_keys(['every10s']) retrieved from /opt/airflow/dags/every10s.py
[2023-06-01T14:49:03.664+0000] {logging_mixin.py:137} INFO - [2023-06-01T14:49:03.664+0000] {dag.py:2690} INFO - Sync 1 DAGs
[2023-06-01T14:49:03.690+0000] {logging_mixin.py:137} INFO - [2023-06-01T14:49:03.690+0000] {dag.py:3441} INFO - Setting next_dagrun for every10s to None, run_after=None
[2023-06-01T14:49:03.706+0000] {processor.py:175} INFO - Processing /opt/airflow/dags/every10s.py took 0.083 seconds
[2023-06-01T14:49:34.260+0000] {processor.py:153} INFO - Started process (PID=18876) to work on /opt/airflow/dags/every10s.py
[2023-06-01T14:49:34.260+0000] {processor.py:743} INFO - Processing file /opt/airflow/dags/every10s.py for tasks to queue
[2023-06-01T14:49:34.261+0000] {logging_mixin.py:137} INFO - [2023-06-01T14:49:34.261+0000] {dagbag.py:538} INFO - Filling up the DagBag from /opt/airflow/dags/every10s.py
[2023-06-01T14:49:34.273+0000] {processor.py:753} INFO - DAG(s) dict_keys(['every10s']) retrieved from /opt/airflow/dags/every10s.py
[2023-06-01T14:49:34.296+0000] {logging_mixin.py:137} INFO - [2023-06-01T14:49:34.296+0000] {dag.py:2690} INFO - Sync 1 DAGs
[2023-06-01T14:49:34.322+0000] {logging_mixin.py:137} INFO - [2023-06-01T14:49:34.322+0000] {dag.py:3441} INFO - Setting next_dagrun for every10s to None, run_after=None
[2023-06-01T14:49:34.339+0000] {processor.py:175} INFO - Processing /opt/airflow/dags/every10s.py took 0.082 seconds
[2023-06-01T14:50:04.763+0000] {processor.py:153} INFO - Started process (PID=18958) to work on /opt/airflow/dags/every10s.py
[2023-06-01T14:50:04.765+0000] {processor.py:743} INFO - Processing file /opt/airflow/dags/every10s.py for tasks to queue
[2023-06-01T14:50:04.767+0000] {logging_mixin.py:137} INFO - [2023-06-01T14:50:04.767+0000] {dagbag.py:538} INFO - Filling up the DagBag from /opt/airflow/dags/every10s.py
[2023-06-01T14:50:04.784+0000] {processor.py:753} INFO - DAG(s) dict_keys(['every10s']) retrieved from /opt/airflow/dags/every10s.py
[2023-06-01T14:50:04.845+0000] {logging_mixin.py:137} INFO - [2023-06-01T14:50:04.845+0000] {dag.py:2690} INFO - Sync 1 DAGs
[2023-06-01T14:50:04.871+0000] {logging_mixin.py:137} INFO - [2023-06-01T14:50:04.871+0000] {dag.py:3441} INFO - Setting next_dagrun for every10s to None, run_after=None
[2023-06-01T14:50:04.888+0000] {processor.py:175} INFO - Processing /opt/airflow/dags/every10s.py took 0.128 seconds
[2023-06-01T14:50:35.368+0000] {processor.py:153} INFO - Started process (PID=19016) to work on /opt/airflow/dags/every10s.py
[2023-06-01T14:50:35.369+0000] {processor.py:743} INFO - Processing file /opt/airflow/dags/every10s.py for tasks to queue
[2023-06-01T14:50:35.370+0000] {logging_mixin.py:137} INFO - [2023-06-01T14:50:35.369+0000] {dagbag.py:538} INFO - Filling up the DagBag from /opt/airflow/dags/every10s.py
[2023-06-01T14:50:35.382+0000] {processor.py:753} INFO - DAG(s) dict_keys(['every10s']) retrieved from /opt/airflow/dags/every10s.py
[2023-06-01T14:50:35.408+0000] {logging_mixin.py:137} INFO - [2023-06-01T14:50:35.408+0000] {dag.py:2690} INFO - Sync 1 DAGs
[2023-06-01T14:50:35.434+0000] {logging_mixin.py:137} INFO - [2023-06-01T14:50:35.434+0000] {dag.py:3441} INFO - Setting next_dagrun for every10s to None, run_after=None
[2023-06-01T14:50:35.451+0000] {processor.py:175} INFO - Processing /opt/airflow/dags/every10s.py took 0.085 seconds
[2023-06-01T14:51:05.780+0000] {processor.py:153} INFO - Started process (PID=19083) to work on /opt/airflow/dags/every10s.py
[2023-06-01T14:51:05.781+0000] {processor.py:743} INFO - Processing file /opt/airflow/dags/every10s.py for tasks to queue
[2023-06-01T14:51:05.781+0000] {logging_mixin.py:137} INFO - [2023-06-01T14:51:05.781+0000] {dagbag.py:538} INFO - Filling up the DagBag from /opt/airflow/dags/every10s.py
[2023-06-01T14:51:05.793+0000] {processor.py:753} INFO - DAG(s) dict_keys(['every10s']) retrieved from /opt/airflow/dags/every10s.py
[2023-06-01T14:51:05.840+0000] {logging_mixin.py:137} INFO - [2023-06-01T14:51:05.840+0000] {dag.py:2690} INFO - Sync 1 DAGs
[2023-06-01T14:51:05.926+0000] {logging_mixin.py:137} INFO - [2023-06-01T14:51:05.926+0000] {dag.py:3441} INFO - Setting next_dagrun for every10s to None, run_after=None
[2023-06-01T14:51:05.945+0000] {processor.py:175} INFO - Processing /opt/airflow/dags/every10s.py took 0.168 seconds
[2023-06-01T14:51:36.756+0000] {processor.py:153} INFO - Started process (PID=19156) to work on /opt/airflow/dags/every10s.py
[2023-06-01T14:51:36.757+0000] {processor.py:743} INFO - Processing file /opt/airflow/dags/every10s.py for tasks to queue
[2023-06-01T14:51:36.758+0000] {logging_mixin.py:137} INFO - [2023-06-01T14:51:36.758+0000] {dagbag.py:538} INFO - Filling up the DagBag from /opt/airflow/dags/every10s.py
[2023-06-01T14:51:36.774+0000] {processor.py:753} INFO - DAG(s) dict_keys(['every10s']) retrieved from /opt/airflow/dags/every10s.py
[2023-06-01T14:51:36.847+0000] {logging_mixin.py:137} INFO - [2023-06-01T14:51:36.847+0000] {dag.py:2690} INFO - Sync 1 DAGs
[2023-06-01T14:51:36.924+0000] {logging_mixin.py:137} INFO - [2023-06-01T14:51:36.923+0000] {dag.py:3441} INFO - Setting next_dagrun for every10s to None, run_after=None
[2023-06-01T14:51:36.951+0000] {processor.py:175} INFO - Processing /opt/airflow/dags/every10s.py took 0.199 seconds
[2023-06-01T14:52:07.462+0000] {processor.py:153} INFO - Started process (PID=19214) to work on /opt/airflow/dags/every10s.py
[2023-06-01T14:52:07.463+0000] {processor.py:743} INFO - Processing file /opt/airflow/dags/every10s.py for tasks to queue
[2023-06-01T14:52:07.464+0000] {logging_mixin.py:137} INFO - [2023-06-01T14:52:07.464+0000] {dagbag.py:538} INFO - Filling up the DagBag from /opt/airflow/dags/every10s.py
[2023-06-01T14:52:07.476+0000] {processor.py:753} INFO - DAG(s) dict_keys(['every10s']) retrieved from /opt/airflow/dags/every10s.py
[2023-06-01T14:52:07.502+0000] {logging_mixin.py:137} INFO - [2023-06-01T14:52:07.502+0000] {dag.py:2690} INFO - Sync 1 DAGs
[2023-06-01T14:52:07.528+0000] {logging_mixin.py:137} INFO - [2023-06-01T14:52:07.528+0000] {dag.py:3441} INFO - Setting next_dagrun for every10s to None, run_after=None
[2023-06-01T14:52:07.545+0000] {processor.py:175} INFO - Processing /opt/airflow/dags/every10s.py took 0.085 seconds
[2023-06-01T14:52:38.049+0000] {processor.py:153} INFO - Started process (PID=19296) to work on /opt/airflow/dags/every10s.py
[2023-06-01T14:52:38.050+0000] {processor.py:743} INFO - Processing file /opt/airflow/dags/every10s.py for tasks to queue
[2023-06-01T14:52:38.051+0000] {logging_mixin.py:137} INFO - [2023-06-01T14:52:38.050+0000] {dagbag.py:538} INFO - Filling up the DagBag from /opt/airflow/dags/every10s.py
[2023-06-01T14:52:38.063+0000] {processor.py:753} INFO - DAG(s) dict_keys(['every10s']) retrieved from /opt/airflow/dags/every10s.py
[2023-06-01T14:52:38.087+0000] {logging_mixin.py:137} INFO - [2023-06-01T14:52:38.086+0000] {dag.py:2690} INFO - Sync 1 DAGs
[2023-06-01T14:52:38.111+0000] {logging_mixin.py:137} INFO - [2023-06-01T14:52:38.110+0000] {dag.py:3441} INFO - Setting next_dagrun for every10s to None, run_after=None
[2023-06-01T14:52:38.128+0000] {processor.py:175} INFO - Processing /opt/airflow/dags/every10s.py took 0.081 seconds
[2023-06-01T14:53:08.447+0000] {processor.py:153} INFO - Started process (PID=19354) to work on /opt/airflow/dags/every10s.py
[2023-06-01T14:53:08.448+0000] {processor.py:743} INFO - Processing file /opt/airflow/dags/every10s.py for tasks to queue
[2023-06-01T14:53:08.449+0000] {logging_mixin.py:137} INFO - [2023-06-01T14:53:08.449+0000] {dagbag.py:538} INFO - Filling up the DagBag from /opt/airflow/dags/every10s.py
[2023-06-01T14:53:08.464+0000] {processor.py:753} INFO - DAG(s) dict_keys(['every10s']) retrieved from /opt/airflow/dags/every10s.py
[2023-06-01T14:53:08.492+0000] {logging_mixin.py:137} INFO - [2023-06-01T14:53:08.492+0000] {dag.py:2690} INFO - Sync 1 DAGs
[2023-06-01T14:53:08.516+0000] {logging_mixin.py:137} INFO - [2023-06-01T14:53:08.516+0000] {dag.py:3441} INFO - Setting next_dagrun for every10s to None, run_after=None
[2023-06-01T14:53:08.540+0000] {processor.py:175} INFO - Processing /opt/airflow/dags/every10s.py took 0.096 seconds
[2023-06-01T14:53:39.062+0000] {processor.py:153} INFO - Started process (PID=19436) to work on /opt/airflow/dags/every10s.py
[2023-06-01T14:53:39.063+0000] {processor.py:743} INFO - Processing file /opt/airflow/dags/every10s.py for tasks to queue
[2023-06-01T14:53:39.064+0000] {logging_mixin.py:137} INFO - [2023-06-01T14:53:39.063+0000] {dagbag.py:538} INFO - Filling up the DagBag from /opt/airflow/dags/every10s.py
[2023-06-01T14:53:39.078+0000] {processor.py:753} INFO - DAG(s) dict_keys(['every10s']) retrieved from /opt/airflow/dags/every10s.py
[2023-06-01T14:53:39.104+0000] {logging_mixin.py:137} INFO - [2023-06-01T14:53:39.104+0000] {dag.py:2690} INFO - Sync 1 DAGs
[2023-06-01T14:53:39.133+0000] {logging_mixin.py:137} INFO - [2023-06-01T14:53:39.133+0000] {dag.py:3441} INFO - Setting next_dagrun for every10s to None, run_after=None
[2023-06-01T14:53:39.153+0000] {processor.py:175} INFO - Processing /opt/airflow/dags/every10s.py took 0.093 seconds
[2023-06-01T14:54:09.795+0000] {processor.py:153} INFO - Started process (PID=19494) to work on /opt/airflow/dags/every10s.py
[2023-06-01T14:54:09.796+0000] {processor.py:743} INFO - Processing file /opt/airflow/dags/every10s.py for tasks to queue
[2023-06-01T14:54:09.796+0000] {logging_mixin.py:137} INFO - [2023-06-01T14:54:09.796+0000] {dagbag.py:538} INFO - Filling up the DagBag from /opt/airflow/dags/every10s.py
[2023-06-01T14:54:09.808+0000] {processor.py:753} INFO - DAG(s) dict_keys(['every10s']) retrieved from /opt/airflow/dags/every10s.py
[2023-06-01T14:54:09.830+0000] {logging_mixin.py:137} INFO - [2023-06-01T14:54:09.830+0000] {dag.py:2690} INFO - Sync 1 DAGs
[2023-06-01T14:54:09.853+0000] {logging_mixin.py:137} INFO - [2023-06-01T14:54:09.853+0000] {dag.py:3441} INFO - Setting next_dagrun for every10s to None, run_after=None
[2023-06-01T14:54:09.872+0000] {processor.py:175} INFO - Processing /opt/airflow/dags/every10s.py took 0.080 seconds
[2023-06-01T14:54:40.324+0000] {processor.py:153} INFO - Started process (PID=19576) to work on /opt/airflow/dags/every10s.py
[2023-06-01T14:54:40.324+0000] {processor.py:743} INFO - Processing file /opt/airflow/dags/every10s.py for tasks to queue
[2023-06-01T14:54:40.325+0000] {logging_mixin.py:137} INFO - [2023-06-01T14:54:40.325+0000] {dagbag.py:538} INFO - Filling up the DagBag from /opt/airflow/dags/every10s.py
[2023-06-01T14:54:40.339+0000] {processor.py:753} INFO - DAG(s) dict_keys(['every10s']) retrieved from /opt/airflow/dags/every10s.py
[2023-06-01T14:54:40.362+0000] {logging_mixin.py:137} INFO - [2023-06-01T14:54:40.362+0000] {dag.py:2690} INFO - Sync 1 DAGs
[2023-06-01T14:54:40.388+0000] {logging_mixin.py:137} INFO - [2023-06-01T14:54:40.388+0000] {dag.py:3441} INFO - Setting next_dagrun for every10s to None, run_after=None
[2023-06-01T14:54:40.405+0000] {processor.py:175} INFO - Processing /opt/airflow/dags/every10s.py took 0.084 seconds
[2023-06-01T14:55:10.926+0000] {processor.py:153} INFO - Started process (PID=19634) to work on /opt/airflow/dags/every10s.py
[2023-06-01T14:55:10.927+0000] {processor.py:743} INFO - Processing file /opt/airflow/dags/every10s.py for tasks to queue
[2023-06-01T14:55:10.927+0000] {logging_mixin.py:137} INFO - [2023-06-01T14:55:10.927+0000] {dagbag.py:538} INFO - Filling up the DagBag from /opt/airflow/dags/every10s.py
[2023-06-01T14:55:10.939+0000] {processor.py:753} INFO - DAG(s) dict_keys(['every10s']) retrieved from /opt/airflow/dags/every10s.py
[2023-06-01T14:55:10.960+0000] {logging_mixin.py:137} INFO - [2023-06-01T14:55:10.960+0000] {dag.py:2690} INFO - Sync 1 DAGs
[2023-06-01T14:55:10.982+0000] {logging_mixin.py:137} INFO - [2023-06-01T14:55:10.982+0000] {dag.py:3441} INFO - Setting next_dagrun for every10s to None, run_after=None
[2023-06-01T14:55:10.999+0000] {processor.py:175} INFO - Processing /opt/airflow/dags/every10s.py took 0.075 seconds
[2023-06-01T14:55:41.449+0000] {processor.py:153} INFO - Started process (PID=19716) to work on /opt/airflow/dags/every10s.py
[2023-06-01T14:55:41.449+0000] {processor.py:743} INFO - Processing file /opt/airflow/dags/every10s.py for tasks to queue
[2023-06-01T14:55:41.450+0000] {logging_mixin.py:137} INFO - [2023-06-01T14:55:41.450+0000] {dagbag.py:538} INFO - Filling up the DagBag from /opt/airflow/dags/every10s.py
[2023-06-01T14:55:41.464+0000] {processor.py:753} INFO - DAG(s) dict_keys(['every10s']) retrieved from /opt/airflow/dags/every10s.py
[2023-06-01T14:55:41.487+0000] {logging_mixin.py:137} INFO - [2023-06-01T14:55:41.487+0000] {dag.py:2690} INFO - Sync 1 DAGs
[2023-06-01T14:55:41.512+0000] {logging_mixin.py:137} INFO - [2023-06-01T14:55:41.512+0000] {dag.py:3441} INFO - Setting next_dagrun for every10s to None, run_after=None
[2023-06-01T14:55:41.528+0000] {processor.py:175} INFO - Processing /opt/airflow/dags/every10s.py took 0.084 seconds
[2023-06-01T14:56:11.982+0000] {processor.py:153} INFO - Started process (PID=19774) to work on /opt/airflow/dags/every10s.py
[2023-06-01T14:56:11.983+0000] {processor.py:743} INFO - Processing file /opt/airflow/dags/every10s.py for tasks to queue
[2023-06-01T14:56:11.983+0000] {logging_mixin.py:137} INFO - [2023-06-01T14:56:11.983+0000] {dagbag.py:538} INFO - Filling up the DagBag from /opt/airflow/dags/every10s.py
[2023-06-01T14:56:11.996+0000] {processor.py:753} INFO - DAG(s) dict_keys(['every10s']) retrieved from /opt/airflow/dags/every10s.py
[2023-06-01T14:56:12.034+0000] {logging_mixin.py:137} INFO - [2023-06-01T14:56:12.034+0000] {dag.py:2690} INFO - Sync 1 DAGs
[2023-06-01T14:56:12.057+0000] {logging_mixin.py:137} INFO - [2023-06-01T14:56:12.057+0000] {dag.py:3441} INFO - Setting next_dagrun for every10s to None, run_after=None
[2023-06-01T14:56:12.072+0000] {processor.py:175} INFO - Processing /opt/airflow/dags/every10s.py took 0.094 seconds
