[2023-06-01T14:47:31.662+0000] {processor.py:153} INFO - Started process (PID=18597) to work on /opt/airflow/dags/hello_AB_scheduler.py
[2023-06-01T14:47:31.663+0000] {processor.py:743} INFO - Processing file /opt/airflow/dags/hello_AB_scheduler.py for tasks to queue
[2023-06-01T14:47:31.664+0000] {logging_mixin.py:137} INFO - [2023-06-01T14:47:31.663+0000] {dagbag.py:538} INFO - Filling up the DagBag from /opt/airflow/dags/hello_AB_scheduler.py
[2023-06-01T14:47:31.681+0000] {processor.py:753} INFO - DAG(s) dict_keys(['hello_world_schedule_dag_abraham']) retrieved from /opt/airflow/dags/hello_AB_scheduler.py
[2023-06-01T14:47:31.702+0000] {logging_mixin.py:137} INFO - [2023-06-01T14:47:31.702+0000] {dag.py:2690} INFO - Sync 1 DAGs
[2023-06-01T14:47:31.723+0000] {logging_mixin.py:137} INFO - [2023-06-01T14:47:31.723+0000] {dag.py:3441} INFO - Setting next_dagrun for hello_world_schedule_dag_abraham to 2023-06-01T12:55:01+02:00, run_after=2023-06-01T12:55:01+02:00
[2023-06-01T14:47:31.739+0000] {processor.py:175} INFO - Processing /opt/airflow/dags/hello_AB_scheduler.py took 0.079 seconds
[2023-06-01T14:48:02.310+0000] {processor.py:153} INFO - Started process (PID=18679) to work on /opt/airflow/dags/hello_AB_scheduler.py
[2023-06-01T14:48:02.312+0000] {processor.py:743} INFO - Processing file /opt/airflow/dags/hello_AB_scheduler.py for tasks to queue
[2023-06-01T14:48:02.313+0000] {logging_mixin.py:137} INFO - [2023-06-01T14:48:02.312+0000] {dagbag.py:538} INFO - Filling up the DagBag from /opt/airflow/dags/hello_AB_scheduler.py
[2023-06-01T14:48:02.332+0000] {processor.py:753} INFO - DAG(s) dict_keys(['hello_world_schedule_dag_abraham']) retrieved from /opt/airflow/dags/hello_AB_scheduler.py
[2023-06-01T14:48:02.357+0000] {logging_mixin.py:137} INFO - [2023-06-01T14:48:02.357+0000] {dag.py:2690} INFO - Sync 1 DAGs
[2023-06-01T14:48:02.387+0000] {logging_mixin.py:137} INFO - [2023-06-01T14:48:02.387+0000] {dag.py:3441} INFO - Setting next_dagrun for hello_world_schedule_dag_abraham to 2023-06-01T12:55:01+02:00, run_after=2023-06-01T12:55:01+02:00
[2023-06-01T14:48:02.410+0000] {processor.py:175} INFO - Processing /opt/airflow/dags/hello_AB_scheduler.py took 0.102 seconds
[2023-06-01T14:48:32.974+0000] {processor.py:153} INFO - Started process (PID=18737) to work on /opt/airflow/dags/hello_AB_scheduler.py
[2023-06-01T14:48:32.975+0000] {processor.py:743} INFO - Processing file /opt/airflow/dags/hello_AB_scheduler.py for tasks to queue
[2023-06-01T14:48:32.975+0000] {logging_mixin.py:137} INFO - [2023-06-01T14:48:32.975+0000] {dagbag.py:538} INFO - Filling up the DagBag from /opt/airflow/dags/hello_AB_scheduler.py
[2023-06-01T14:48:32.992+0000] {processor.py:753} INFO - DAG(s) dict_keys(['hello_world_schedule_dag_abraham']) retrieved from /opt/airflow/dags/hello_AB_scheduler.py
[2023-06-01T14:48:33.019+0000] {logging_mixin.py:137} INFO - [2023-06-01T14:48:33.018+0000] {dag.py:2690} INFO - Sync 1 DAGs
[2023-06-01T14:48:33.045+0000] {logging_mixin.py:137} INFO - [2023-06-01T14:48:33.045+0000] {dag.py:3441} INFO - Setting next_dagrun for hello_world_schedule_dag_abraham to 2023-06-01T12:55:01+02:00, run_after=2023-06-01T12:55:01+02:00
[2023-06-01T14:48:33.062+0000] {processor.py:175} INFO - Processing /opt/airflow/dags/hello_AB_scheduler.py took 0.091 seconds
[2023-06-01T14:49:03.633+0000] {processor.py:153} INFO - Started process (PID=18819) to work on /opt/airflow/dags/hello_AB_scheduler.py
[2023-06-01T14:49:03.634+0000] {processor.py:743} INFO - Processing file /opt/airflow/dags/hello_AB_scheduler.py for tasks to queue
[2023-06-01T14:49:03.635+0000] {logging_mixin.py:137} INFO - [2023-06-01T14:49:03.634+0000] {dagbag.py:538} INFO - Filling up the DagBag from /opt/airflow/dags/hello_AB_scheduler.py
[2023-06-01T14:49:03.652+0000] {processor.py:753} INFO - DAG(s) dict_keys(['hello_world_schedule_dag_abraham']) retrieved from /opt/airflow/dags/hello_AB_scheduler.py
[2023-06-01T14:49:03.672+0000] {logging_mixin.py:137} INFO - [2023-06-01T14:49:03.672+0000] {dag.py:2690} INFO - Sync 1 DAGs
[2023-06-01T14:49:03.696+0000] {logging_mixin.py:137} INFO - [2023-06-01T14:49:03.696+0000] {dag.py:3441} INFO - Setting next_dagrun for hello_world_schedule_dag_abraham to 2023-06-01T12:55:01+02:00, run_after=2023-06-01T12:55:01+02:00
[2023-06-01T14:49:03.713+0000] {processor.py:175} INFO - Processing /opt/airflow/dags/hello_AB_scheduler.py took 0.082 seconds
[2023-06-01T14:49:34.267+0000] {processor.py:153} INFO - Started process (PID=18877) to work on /opt/airflow/dags/hello_AB_scheduler.py
[2023-06-01T14:49:34.267+0000] {processor.py:743} INFO - Processing file /opt/airflow/dags/hello_AB_scheduler.py for tasks to queue
[2023-06-01T14:49:34.268+0000] {logging_mixin.py:137} INFO - [2023-06-01T14:49:34.268+0000] {dagbag.py:538} INFO - Filling up the DagBag from /opt/airflow/dags/hello_AB_scheduler.py
[2023-06-01T14:49:34.285+0000] {processor.py:753} INFO - DAG(s) dict_keys(['hello_world_schedule_dag_abraham']) retrieved from /opt/airflow/dags/hello_AB_scheduler.py
[2023-06-01T14:49:34.307+0000] {logging_mixin.py:137} INFO - [2023-06-01T14:49:34.307+0000] {dag.py:2690} INFO - Sync 1 DAGs
[2023-06-01T14:49:34.330+0000] {logging_mixin.py:137} INFO - [2023-06-01T14:49:34.330+0000] {dag.py:3441} INFO - Setting next_dagrun for hello_world_schedule_dag_abraham to 2023-06-01T12:55:01+02:00, run_after=2023-06-01T12:55:01+02:00
[2023-06-01T14:49:34.345+0000] {processor.py:175} INFO - Processing /opt/airflow/dags/hello_AB_scheduler.py took 0.081 seconds
[2023-06-01T14:50:04.774+0000] {processor.py:153} INFO - Started process (PID=18959) to work on /opt/airflow/dags/hello_AB_scheduler.py
[2023-06-01T14:50:04.776+0000] {processor.py:743} INFO - Processing file /opt/airflow/dags/hello_AB_scheduler.py for tasks to queue
[2023-06-01T14:50:04.777+0000] {logging_mixin.py:137} INFO - [2023-06-01T14:50:04.777+0000] {dagbag.py:538} INFO - Filling up the DagBag from /opt/airflow/dags/hello_AB_scheduler.py
[2023-06-01T14:50:04.829+0000] {processor.py:753} INFO - DAG(s) dict_keys(['hello_world_schedule_dag_abraham']) retrieved from /opt/airflow/dags/hello_AB_scheduler.py
[2023-06-01T14:50:04.855+0000] {logging_mixin.py:137} INFO - [2023-06-01T14:50:04.854+0000] {dag.py:2690} INFO - Sync 1 DAGs
[2023-06-01T14:50:04.879+0000] {logging_mixin.py:137} INFO - [2023-06-01T14:50:04.879+0000] {dag.py:3441} INFO - Setting next_dagrun for hello_world_schedule_dag_abraham to 2023-06-01T12:55:01+02:00, run_after=2023-06-01T12:55:01+02:00
[2023-06-01T14:50:04.894+0000] {processor.py:175} INFO - Processing /opt/airflow/dags/hello_AB_scheduler.py took 0.123 seconds
[2023-06-01T14:50:35.375+0000] {processor.py:153} INFO - Started process (PID=19017) to work on /opt/airflow/dags/hello_AB_scheduler.py
[2023-06-01T14:50:35.375+0000] {processor.py:743} INFO - Processing file /opt/airflow/dags/hello_AB_scheduler.py for tasks to queue
[2023-06-01T14:50:35.376+0000] {logging_mixin.py:137} INFO - [2023-06-01T14:50:35.376+0000] {dagbag.py:538} INFO - Filling up the DagBag from /opt/airflow/dags/hello_AB_scheduler.py
[2023-06-01T14:50:35.392+0000] {processor.py:753} INFO - DAG(s) dict_keys(['hello_world_schedule_dag_abraham']) retrieved from /opt/airflow/dags/hello_AB_scheduler.py
[2023-06-01T14:50:35.413+0000] {logging_mixin.py:137} INFO - [2023-06-01T14:50:35.413+0000] {dag.py:2690} INFO - Sync 1 DAGs
[2023-06-01T14:50:35.436+0000] {logging_mixin.py:137} INFO - [2023-06-01T14:50:35.436+0000] {dag.py:3441} INFO - Setting next_dagrun for hello_world_schedule_dag_abraham to 2023-06-01T12:55:01+02:00, run_after=2023-06-01T12:55:01+02:00
[2023-06-01T14:50:35.453+0000] {processor.py:175} INFO - Processing /opt/airflow/dags/hello_AB_scheduler.py took 0.080 seconds
[2023-06-01T14:51:05.786+0000] {processor.py:153} INFO - Started process (PID=19084) to work on /opt/airflow/dags/hello_AB_scheduler.py
[2023-06-01T14:51:05.786+0000] {processor.py:743} INFO - Processing file /opt/airflow/dags/hello_AB_scheduler.py for tasks to queue
[2023-06-01T14:51:05.787+0000] {logging_mixin.py:137} INFO - [2023-06-01T14:51:05.787+0000] {dagbag.py:538} INFO - Filling up the DagBag from /opt/airflow/dags/hello_AB_scheduler.py
[2023-06-01T14:51:05.829+0000] {processor.py:753} INFO - DAG(s) dict_keys(['hello_world_schedule_dag_abraham']) retrieved from /opt/airflow/dags/hello_AB_scheduler.py
[2023-06-01T14:51:05.853+0000] {logging_mixin.py:137} INFO - [2023-06-01T14:51:05.853+0000] {dag.py:2690} INFO - Sync 1 DAGs
[2023-06-01T14:51:05.936+0000] {logging_mixin.py:137} INFO - [2023-06-01T14:51:05.936+0000] {dag.py:3441} INFO - Setting next_dagrun for hello_world_schedule_dag_abraham to 2023-06-01T12:55:01+02:00, run_after=2023-06-01T12:55:01+02:00
[2023-06-01T14:51:05.954+0000] {processor.py:175} INFO - Processing /opt/airflow/dags/hello_AB_scheduler.py took 0.172 seconds
[2023-06-01T14:51:36.767+0000] {processor.py:153} INFO - Started process (PID=19157) to work on /opt/airflow/dags/hello_AB_scheduler.py
[2023-06-01T14:51:36.768+0000] {processor.py:743} INFO - Processing file /opt/airflow/dags/hello_AB_scheduler.py for tasks to queue
[2023-06-01T14:51:36.769+0000] {logging_mixin.py:137} INFO - [2023-06-01T14:51:36.768+0000] {dagbag.py:538} INFO - Filling up the DagBag from /opt/airflow/dags/hello_AB_scheduler.py
[2023-06-01T14:51:36.836+0000] {processor.py:753} INFO - DAG(s) dict_keys(['hello_world_schedule_dag_abraham']) retrieved from /opt/airflow/dags/hello_AB_scheduler.py
[2023-06-01T14:51:36.863+0000] {logging_mixin.py:137} INFO - [2023-06-01T14:51:36.863+0000] {dag.py:2690} INFO - Sync 1 DAGs
[2023-06-01T14:51:36.936+0000] {logging_mixin.py:137} INFO - [2023-06-01T14:51:36.935+0000] {dag.py:3441} INFO - Setting next_dagrun for hello_world_schedule_dag_abraham to 2023-06-01T12:55:01+02:00, run_after=2023-06-01T12:55:01+02:00
[2023-06-01T14:51:36.958+0000] {processor.py:175} INFO - Processing /opt/airflow/dags/hello_AB_scheduler.py took 0.195 seconds
[2023-06-01T14:52:07.468+0000] {processor.py:153} INFO - Started process (PID=19215) to work on /opt/airflow/dags/hello_AB_scheduler.py
[2023-06-01T14:52:07.469+0000] {processor.py:743} INFO - Processing file /opt/airflow/dags/hello_AB_scheduler.py for tasks to queue
[2023-06-01T14:52:07.470+0000] {logging_mixin.py:137} INFO - [2023-06-01T14:52:07.469+0000] {dagbag.py:538} INFO - Filling up the DagBag from /opt/airflow/dags/hello_AB_scheduler.py
[2023-06-01T14:52:07.486+0000] {processor.py:753} INFO - DAG(s) dict_keys(['hello_world_schedule_dag_abraham']) retrieved from /opt/airflow/dags/hello_AB_scheduler.py
[2023-06-01T14:52:07.510+0000] {logging_mixin.py:137} INFO - [2023-06-01T14:52:07.510+0000] {dag.py:2690} INFO - Sync 1 DAGs
[2023-06-01T14:52:07.533+0000] {logging_mixin.py:137} INFO - [2023-06-01T14:52:07.533+0000] {dag.py:3441} INFO - Setting next_dagrun for hello_world_schedule_dag_abraham to 2023-06-01T12:55:01+02:00, run_after=2023-06-01T12:55:01+02:00
[2023-06-01T14:52:07.550+0000] {processor.py:175} INFO - Processing /opt/airflow/dags/hello_AB_scheduler.py took 0.085 seconds
[2023-06-01T14:52:38.056+0000] {processor.py:153} INFO - Started process (PID=19297) to work on /opt/airflow/dags/hello_AB_scheduler.py
[2023-06-01T14:52:38.057+0000] {processor.py:743} INFO - Processing file /opt/airflow/dags/hello_AB_scheduler.py for tasks to queue
[2023-06-01T14:52:38.057+0000] {logging_mixin.py:137} INFO - [2023-06-01T14:52:38.057+0000] {dagbag.py:538} INFO - Filling up the DagBag from /opt/airflow/dags/hello_AB_scheduler.py
[2023-06-01T14:52:38.074+0000] {processor.py:753} INFO - DAG(s) dict_keys(['hello_world_schedule_dag_abraham']) retrieved from /opt/airflow/dags/hello_AB_scheduler.py
[2023-06-01T14:52:38.095+0000] {logging_mixin.py:137} INFO - [2023-06-01T14:52:38.095+0000] {dag.py:2690} INFO - Sync 1 DAGs
[2023-06-01T14:52:38.120+0000] {logging_mixin.py:137} INFO - [2023-06-01T14:52:38.120+0000] {dag.py:3441} INFO - Setting next_dagrun for hello_world_schedule_dag_abraham to 2023-06-01T12:55:01+02:00, run_after=2023-06-01T12:55:01+02:00
[2023-06-01T14:52:38.137+0000] {processor.py:175} INFO - Processing /opt/airflow/dags/hello_AB_scheduler.py took 0.084 seconds
[2023-06-01T14:53:08.454+0000] {processor.py:153} INFO - Started process (PID=19355) to work on /opt/airflow/dags/hello_AB_scheduler.py
[2023-06-01T14:53:08.455+0000] {processor.py:743} INFO - Processing file /opt/airflow/dags/hello_AB_scheduler.py for tasks to queue
[2023-06-01T14:53:08.456+0000] {logging_mixin.py:137} INFO - [2023-06-01T14:53:08.456+0000] {dagbag.py:538} INFO - Filling up the DagBag from /opt/airflow/dags/hello_AB_scheduler.py
[2023-06-01T14:53:08.475+0000] {processor.py:753} INFO - DAG(s) dict_keys(['hello_world_schedule_dag_abraham']) retrieved from /opt/airflow/dags/hello_AB_scheduler.py
[2023-06-01T14:53:08.500+0000] {logging_mixin.py:137} INFO - [2023-06-01T14:53:08.500+0000] {dag.py:2690} INFO - Sync 1 DAGs
[2023-06-01T14:53:08.528+0000] {logging_mixin.py:137} INFO - [2023-06-01T14:53:08.528+0000] {dag.py:3441} INFO - Setting next_dagrun for hello_world_schedule_dag_abraham to 2023-06-01T12:55:01+02:00, run_after=2023-06-01T12:55:01+02:00
[2023-06-01T14:53:08.552+0000] {processor.py:175} INFO - Processing /opt/airflow/dags/hello_AB_scheduler.py took 0.101 seconds
[2023-06-01T14:53:39.086+0000] {processor.py:153} INFO - Started process (PID=19437) to work on /opt/airflow/dags/hello_AB_scheduler.py
[2023-06-01T14:53:39.087+0000] {processor.py:743} INFO - Processing file /opt/airflow/dags/hello_AB_scheduler.py for tasks to queue
[2023-06-01T14:53:39.087+0000] {logging_mixin.py:137} INFO - [2023-06-01T14:53:39.087+0000] {dagbag.py:538} INFO - Filling up the DagBag from /opt/airflow/dags/hello_AB_scheduler.py
[2023-06-01T14:53:39.107+0000] {processor.py:753} INFO - DAG(s) dict_keys(['hello_world_schedule_dag_abraham']) retrieved from /opt/airflow/dags/hello_AB_scheduler.py
[2023-06-01T14:53:39.132+0000] {logging_mixin.py:137} INFO - [2023-06-01T14:53:39.132+0000] {dag.py:2690} INFO - Sync 1 DAGs
[2023-06-01T14:53:39.158+0000] {logging_mixin.py:137} INFO - [2023-06-01T14:53:39.158+0000] {dag.py:3441} INFO - Setting next_dagrun for hello_world_schedule_dag_abraham to 2023-06-01T12:55:01+02:00, run_after=2023-06-01T12:55:01+02:00
[2023-06-01T14:53:39.177+0000] {processor.py:175} INFO - Processing /opt/airflow/dags/hello_AB_scheduler.py took 0.093 seconds
[2023-06-01T14:54:09.801+0000] {processor.py:153} INFO - Started process (PID=19495) to work on /opt/airflow/dags/hello_AB_scheduler.py
[2023-06-01T14:54:09.802+0000] {processor.py:743} INFO - Processing file /opt/airflow/dags/hello_AB_scheduler.py for tasks to queue
[2023-06-01T14:54:09.802+0000] {logging_mixin.py:137} INFO - [2023-06-01T14:54:09.802+0000] {dagbag.py:538} INFO - Filling up the DagBag from /opt/airflow/dags/hello_AB_scheduler.py
[2023-06-01T14:54:09.819+0000] {processor.py:753} INFO - DAG(s) dict_keys(['hello_world_schedule_dag_abraham']) retrieved from /opt/airflow/dags/hello_AB_scheduler.py
[2023-06-01T14:54:09.840+0000] {logging_mixin.py:137} INFO - [2023-06-01T14:54:09.840+0000] {dag.py:2690} INFO - Sync 1 DAGs
[2023-06-01T14:54:09.867+0000] {logging_mixin.py:137} INFO - [2023-06-01T14:54:09.867+0000] {dag.py:3441} INFO - Setting next_dagrun for hello_world_schedule_dag_abraham to 2023-06-01T12:55:01+02:00, run_after=2023-06-01T12:55:01+02:00
[2023-06-01T14:54:09.884+0000] {processor.py:175} INFO - Processing /opt/airflow/dags/hello_AB_scheduler.py took 0.085 seconds
