[2023-06-01T14:47:39.847+0000] {processor.py:153} INFO - Started process (PID=18623) to work on /opt/airflow/dags/hello_dag.py
[2023-06-01T14:47:39.847+0000] {processor.py:743} INFO - Processing file /opt/airflow/dags/hello_dag.py for tasks to queue
[2023-06-01T14:47:39.848+0000] {logging_mixin.py:137} INFO - [2023-06-01T14:47:39.848+0000] {dagbag.py:538} INFO - Filling up the DagBag from /opt/airflow/dags/hello_dag.py
[2023-06-01T14:47:39.860+0000] {processor.py:753} INFO - DAG(s) dict_keys(['hello_world_dag']) retrieved from /opt/airflow/dags/hello_dag.py
[2023-06-01T14:47:39.881+0000] {logging_mixin.py:137} INFO - [2023-06-01T14:47:39.881+0000] {dag.py:2690} INFO - Sync 1 DAGs
[2023-06-01T14:47:39.906+0000] {logging_mixin.py:137} INFO - [2023-06-01T14:47:39.906+0000] {dag.py:3441} INFO - Setting next_dagrun for hello_world_dag to 2023-05-01T00:00:00+00:00, run_after=2023-05-01T00:00:00+00:00
[2023-06-01T14:47:39.922+0000] {processor.py:175} INFO - Processing /opt/airflow/dags/hello_dag.py took 0.077 seconds
[2023-06-01T14:48:10.460+0000] {processor.py:153} INFO - Started process (PID=18681) to work on /opt/airflow/dags/hello_dag.py
[2023-06-01T14:48:10.461+0000] {processor.py:743} INFO - Processing file /opt/airflow/dags/hello_dag.py for tasks to queue
[2023-06-01T14:48:10.461+0000] {logging_mixin.py:137} INFO - [2023-06-01T14:48:10.461+0000] {dagbag.py:538} INFO - Filling up the DagBag from /opt/airflow/dags/hello_dag.py
[2023-06-01T14:48:10.474+0000] {processor.py:753} INFO - DAG(s) dict_keys(['hello_world_dag']) retrieved from /opt/airflow/dags/hello_dag.py
[2023-06-01T14:48:10.495+0000] {logging_mixin.py:137} INFO - [2023-06-01T14:48:10.495+0000] {dag.py:2690} INFO - Sync 1 DAGs
[2023-06-01T14:48:10.519+0000] {logging_mixin.py:137} INFO - [2023-06-01T14:48:10.518+0000] {dag.py:3441} INFO - Setting next_dagrun for hello_world_dag to 2023-05-01T00:00:00+00:00, run_after=2023-05-01T00:00:00+00:00
[2023-06-01T14:48:10.535+0000] {processor.py:175} INFO - Processing /opt/airflow/dags/hello_dag.py took 0.078 seconds
[2023-06-01T14:48:41.129+0000] {processor.py:153} INFO - Started process (PID=18763) to work on /opt/airflow/dags/hello_dag.py
[2023-06-01T14:48:41.130+0000] {processor.py:743} INFO - Processing file /opt/airflow/dags/hello_dag.py for tasks to queue
[2023-06-01T14:48:41.131+0000] {logging_mixin.py:137} INFO - [2023-06-01T14:48:41.130+0000] {dagbag.py:538} INFO - Filling up the DagBag from /opt/airflow/dags/hello_dag.py
[2023-06-01T14:48:41.146+0000] {processor.py:753} INFO - DAG(s) dict_keys(['hello_world_dag']) retrieved from /opt/airflow/dags/hello_dag.py
[2023-06-01T14:48:41.169+0000] {logging_mixin.py:137} INFO - [2023-06-01T14:48:41.169+0000] {dag.py:2690} INFO - Sync 1 DAGs
[2023-06-01T14:48:41.193+0000] {logging_mixin.py:137} INFO - [2023-06-01T14:48:41.193+0000] {dag.py:3441} INFO - Setting next_dagrun for hello_world_dag to 2023-05-01T00:00:00+00:00, run_after=2023-05-01T00:00:00+00:00
[2023-06-01T14:48:41.212+0000] {processor.py:175} INFO - Processing /opt/airflow/dags/hello_dag.py took 0.087 seconds
[2023-06-01T14:49:11.768+0000] {processor.py:153} INFO - Started process (PID=18821) to work on /opt/airflow/dags/hello_dag.py
[2023-06-01T14:49:11.769+0000] {processor.py:743} INFO - Processing file /opt/airflow/dags/hello_dag.py for tasks to queue
[2023-06-01T14:49:11.769+0000] {logging_mixin.py:137} INFO - [2023-06-01T14:49:11.769+0000] {dagbag.py:538} INFO - Filling up the DagBag from /opt/airflow/dags/hello_dag.py
[2023-06-01T14:49:11.781+0000] {processor.py:753} INFO - DAG(s) dict_keys(['hello_world_dag']) retrieved from /opt/airflow/dags/hello_dag.py
[2023-06-01T14:49:11.802+0000] {logging_mixin.py:137} INFO - [2023-06-01T14:49:11.802+0000] {dag.py:2690} INFO - Sync 1 DAGs
[2023-06-01T14:49:11.824+0000] {logging_mixin.py:137} INFO - [2023-06-01T14:49:11.824+0000] {dag.py:3441} INFO - Setting next_dagrun for hello_world_dag to 2023-05-01T00:00:00+00:00, run_after=2023-05-01T00:00:00+00:00
[2023-06-01T14:49:11.841+0000] {processor.py:175} INFO - Processing /opt/airflow/dags/hello_dag.py took 0.076 seconds
[2023-06-01T14:49:42.316+0000] {processor.py:153} INFO - Started process (PID=18903) to work on /opt/airflow/dags/hello_dag.py
[2023-06-01T14:49:42.317+0000] {processor.py:743} INFO - Processing file /opt/airflow/dags/hello_dag.py for tasks to queue
[2023-06-01T14:49:42.317+0000] {logging_mixin.py:137} INFO - [2023-06-01T14:49:42.317+0000] {dagbag.py:538} INFO - Filling up the DagBag from /opt/airflow/dags/hello_dag.py
[2023-06-01T14:49:42.331+0000] {processor.py:753} INFO - DAG(s) dict_keys(['hello_world_dag']) retrieved from /opt/airflow/dags/hello_dag.py
[2023-06-01T14:49:42.351+0000] {logging_mixin.py:137} INFO - [2023-06-01T14:49:42.351+0000] {dag.py:2690} INFO - Sync 1 DAGs
[2023-06-01T14:49:42.374+0000] {logging_mixin.py:137} INFO - [2023-06-01T14:49:42.374+0000] {dag.py:3441} INFO - Setting next_dagrun for hello_world_dag to 2023-05-01T00:00:00+00:00, run_after=2023-05-01T00:00:00+00:00
[2023-06-01T14:49:42.390+0000] {processor.py:175} INFO - Processing /opt/airflow/dags/hello_dag.py took 0.076 seconds
[2023-06-01T14:50:12.951+0000] {processor.py:153} INFO - Started process (PID=18961) to work on /opt/airflow/dags/hello_dag.py
[2023-06-01T14:50:12.952+0000] {processor.py:743} INFO - Processing file /opt/airflow/dags/hello_dag.py for tasks to queue
[2023-06-01T14:50:12.953+0000] {logging_mixin.py:137} INFO - [2023-06-01T14:50:12.952+0000] {dagbag.py:538} INFO - Filling up the DagBag from /opt/airflow/dags/hello_dag.py
[2023-06-01T14:50:12.965+0000] {processor.py:753} INFO - DAG(s) dict_keys(['hello_world_dag']) retrieved from /opt/airflow/dags/hello_dag.py
[2023-06-01T14:50:12.987+0000] {logging_mixin.py:137} INFO - [2023-06-01T14:50:12.987+0000] {dag.py:2690} INFO - Sync 1 DAGs
[2023-06-01T14:50:13.017+0000] {logging_mixin.py:137} INFO - [2023-06-01T14:50:13.017+0000] {dag.py:3441} INFO - Setting next_dagrun for hello_world_dag to 2023-05-01T00:00:00+00:00, run_after=2023-05-01T00:00:00+00:00
[2023-06-01T14:50:13.034+0000] {processor.py:175} INFO - Processing /opt/airflow/dags/hello_dag.py took 0.087 seconds
[2023-06-01T14:50:43.426+0000] {processor.py:153} INFO - Started process (PID=19043) to work on /opt/airflow/dags/hello_dag.py
[2023-06-01T14:50:43.427+0000] {processor.py:743} INFO - Processing file /opt/airflow/dags/hello_dag.py for tasks to queue
[2023-06-01T14:50:43.428+0000] {logging_mixin.py:137} INFO - [2023-06-01T14:50:43.427+0000] {dagbag.py:538} INFO - Filling up the DagBag from /opt/airflow/dags/hello_dag.py
[2023-06-01T14:50:43.443+0000] {processor.py:753} INFO - DAG(s) dict_keys(['hello_world_dag']) retrieved from /opt/airflow/dags/hello_dag.py
[2023-06-01T14:50:43.467+0000] {logging_mixin.py:137} INFO - [2023-06-01T14:50:43.467+0000] {dag.py:2690} INFO - Sync 1 DAGs
[2023-06-01T14:50:43.491+0000] {logging_mixin.py:137} INFO - [2023-06-01T14:50:43.491+0000] {dag.py:3441} INFO - Setting next_dagrun for hello_world_dag to 2023-05-01T00:00:00+00:00, run_after=2023-05-01T00:00:00+00:00
[2023-06-01T14:50:43.508+0000] {processor.py:175} INFO - Processing /opt/airflow/dags/hello_dag.py took 0.085 seconds
[2023-06-01T14:51:14.082+0000] {processor.py:153} INFO - Started process (PID=19101) to work on /opt/airflow/dags/hello_dag.py
[2023-06-01T14:51:14.083+0000] {processor.py:743} INFO - Processing file /opt/airflow/dags/hello_dag.py for tasks to queue
[2023-06-01T14:51:14.084+0000] {logging_mixin.py:137} INFO - [2023-06-01T14:51:14.084+0000] {dagbag.py:538} INFO - Filling up the DagBag from /opt/airflow/dags/hello_dag.py
[2023-06-01T14:51:14.101+0000] {processor.py:753} INFO - DAG(s) dict_keys(['hello_world_dag']) retrieved from /opt/airflow/dags/hello_dag.py
[2023-06-01T14:51:14.130+0000] {logging_mixin.py:137} INFO - [2023-06-01T14:51:14.130+0000] {dag.py:2690} INFO - Sync 1 DAGs
[2023-06-01T14:51:14.167+0000] {logging_mixin.py:137} INFO - [2023-06-01T14:51:14.167+0000] {dag.py:3441} INFO - Setting next_dagrun for hello_world_dag to 2023-05-01T00:00:00+00:00, run_after=2023-05-01T00:00:00+00:00
[2023-06-01T14:51:14.191+0000] {processor.py:175} INFO - Processing /opt/airflow/dags/hello_dag.py took 0.112 seconds
[2023-06-01T14:51:45.019+0000] {processor.py:153} INFO - Started process (PID=19168) to work on /opt/airflow/dags/hello_dag.py
[2023-06-01T14:51:45.020+0000] {processor.py:743} INFO - Processing file /opt/airflow/dags/hello_dag.py for tasks to queue
[2023-06-01T14:51:45.020+0000] {logging_mixin.py:137} INFO - [2023-06-01T14:51:45.020+0000] {dagbag.py:538} INFO - Filling up the DagBag from /opt/airflow/dags/hello_dag.py
[2023-06-01T14:51:45.035+0000] {processor.py:753} INFO - DAG(s) dict_keys(['hello_world_dag']) retrieved from /opt/airflow/dags/hello_dag.py
[2023-06-01T14:51:45.058+0000] {logging_mixin.py:137} INFO - [2023-06-01T14:51:45.058+0000] {dag.py:2690} INFO - Sync 1 DAGs
[2023-06-01T14:51:45.087+0000] {logging_mixin.py:137} INFO - [2023-06-01T14:51:45.087+0000] {dag.py:3441} INFO - Setting next_dagrun for hello_world_dag to 2023-05-01T00:00:00+00:00, run_after=2023-05-01T00:00:00+00:00
[2023-06-01T14:51:45.107+0000] {processor.py:175} INFO - Processing /opt/airflow/dags/hello_dag.py took 0.091 seconds
[2023-06-01T14:52:15.606+0000] {processor.py:153} INFO - Started process (PID=19241) to work on /opt/airflow/dags/hello_dag.py
[2023-06-01T14:52:15.607+0000] {processor.py:743} INFO - Processing file /opt/airflow/dags/hello_dag.py for tasks to queue
[2023-06-01T14:52:15.608+0000] {logging_mixin.py:137} INFO - [2023-06-01T14:52:15.608+0000] {dagbag.py:538} INFO - Filling up the DagBag from /opt/airflow/dags/hello_dag.py
[2023-06-01T14:52:15.620+0000] {processor.py:753} INFO - DAG(s) dict_keys(['hello_world_dag']) retrieved from /opt/airflow/dags/hello_dag.py
[2023-06-01T14:52:15.642+0000] {logging_mixin.py:137} INFO - [2023-06-01T14:52:15.642+0000] {dag.py:2690} INFO - Sync 1 DAGs
[2023-06-01T14:52:15.667+0000] {logging_mixin.py:137} INFO - [2023-06-01T14:52:15.667+0000] {dag.py:3441} INFO - Setting next_dagrun for hello_world_dag to 2023-05-01T00:00:00+00:00, run_after=2023-05-01T00:00:00+00:00
[2023-06-01T14:52:15.683+0000] {processor.py:175} INFO - Processing /opt/airflow/dags/hello_dag.py took 0.080 seconds
[2023-06-01T14:52:46.199+0000] {processor.py:153} INFO - Started process (PID=19308) to work on /opt/airflow/dags/hello_dag.py
[2023-06-01T14:52:46.199+0000] {processor.py:743} INFO - Processing file /opt/airflow/dags/hello_dag.py for tasks to queue
[2023-06-01T14:52:46.200+0000] {logging_mixin.py:137} INFO - [2023-06-01T14:52:46.200+0000] {dagbag.py:538} INFO - Filling up the DagBag from /opt/airflow/dags/hello_dag.py
[2023-06-01T14:52:46.212+0000] {processor.py:753} INFO - DAG(s) dict_keys(['hello_world_dag']) retrieved from /opt/airflow/dags/hello_dag.py
[2023-06-01T14:52:46.236+0000] {logging_mixin.py:137} INFO - [2023-06-01T14:52:46.236+0000] {dag.py:2690} INFO - Sync 1 DAGs
[2023-06-01T14:52:46.342+0000] {logging_mixin.py:137} INFO - [2023-06-01T14:52:46.341+0000] {dag.py:3441} INFO - Setting next_dagrun for hello_world_dag to 2023-05-01T00:00:00+00:00, run_after=2023-05-01T00:00:00+00:00
[2023-06-01T14:52:46.358+0000] {processor.py:175} INFO - Processing /opt/airflow/dags/hello_dag.py took 0.162 seconds
[2023-06-01T14:53:16.607+0000] {processor.py:153} INFO - Started process (PID=19381) to work on /opt/airflow/dags/hello_dag.py
[2023-06-01T14:53:16.608+0000] {processor.py:743} INFO - Processing file /opt/airflow/dags/hello_dag.py for tasks to queue
[2023-06-01T14:53:16.608+0000] {logging_mixin.py:137} INFO - [2023-06-01T14:53:16.608+0000] {dagbag.py:538} INFO - Filling up the DagBag from /opt/airflow/dags/hello_dag.py
[2023-06-01T14:53:16.620+0000] {processor.py:753} INFO - DAG(s) dict_keys(['hello_world_dag']) retrieved from /opt/airflow/dags/hello_dag.py
[2023-06-01T14:53:16.640+0000] {logging_mixin.py:137} INFO - [2023-06-01T14:53:16.640+0000] {dag.py:2690} INFO - Sync 1 DAGs
[2023-06-01T14:53:16.662+0000] {logging_mixin.py:137} INFO - [2023-06-01T14:53:16.662+0000] {dag.py:3441} INFO - Setting next_dagrun for hello_world_dag to 2023-05-01T00:00:00+00:00, run_after=2023-05-01T00:00:00+00:00
[2023-06-01T14:53:16.680+0000] {processor.py:175} INFO - Processing /opt/airflow/dags/hello_dag.py took 0.075 seconds
[2023-06-01T14:53:47.257+0000] {processor.py:153} INFO - Started process (PID=19448) to work on /opt/airflow/dags/hello_dag.py
[2023-06-01T14:53:47.257+0000] {processor.py:743} INFO - Processing file /opt/airflow/dags/hello_dag.py for tasks to queue
[2023-06-01T14:53:47.257+0000] {logging_mixin.py:137} INFO - [2023-06-01T14:53:47.257+0000] {dagbag.py:538} INFO - Filling up the DagBag from /opt/airflow/dags/hello_dag.py
[2023-06-01T14:53:47.270+0000] {processor.py:753} INFO - DAG(s) dict_keys(['hello_world_dag']) retrieved from /opt/airflow/dags/hello_dag.py
[2023-06-01T14:53:47.325+0000] {logging_mixin.py:137} INFO - [2023-06-01T14:53:47.324+0000] {dag.py:2690} INFO - Sync 1 DAGs
[2023-06-01T14:53:47.352+0000] {logging_mixin.py:137} INFO - [2023-06-01T14:53:47.352+0000] {dag.py:3441} INFO - Setting next_dagrun for hello_world_dag to 2023-05-01T00:00:00+00:00, run_after=2023-05-01T00:00:00+00:00
[2023-06-01T14:53:47.373+0000] {processor.py:175} INFO - Processing /opt/airflow/dags/hello_dag.py took 0.119 seconds
[2023-06-01T14:54:17.933+0000] {processor.py:153} INFO - Started process (PID=19521) to work on /opt/airflow/dags/hello_dag.py
[2023-06-01T14:54:17.935+0000] {processor.py:743} INFO - Processing file /opt/airflow/dags/hello_dag.py for tasks to queue
[2023-06-01T14:54:17.936+0000] {logging_mixin.py:137} INFO - [2023-06-01T14:54:17.935+0000] {dagbag.py:538} INFO - Filling up the DagBag from /opt/airflow/dags/hello_dag.py
[2023-06-01T14:54:17.947+0000] {processor.py:753} INFO - DAG(s) dict_keys(['hello_world_dag']) retrieved from /opt/airflow/dags/hello_dag.py
[2023-06-01T14:54:17.967+0000] {logging_mixin.py:137} INFO - [2023-06-01T14:54:17.967+0000] {dag.py:2690} INFO - Sync 1 DAGs
[2023-06-01T14:54:17.991+0000] {logging_mixin.py:137} INFO - [2023-06-01T14:54:17.991+0000] {dag.py:3441} INFO - Setting next_dagrun for hello_world_dag to 2023-05-01T00:00:00+00:00, run_after=2023-05-01T00:00:00+00:00
[2023-06-01T14:54:18.007+0000] {processor.py:175} INFO - Processing /opt/airflow/dags/hello_dag.py took 0.076 seconds
[2023-06-01T14:54:48.468+0000] {processor.py:153} INFO - Started process (PID=19586) to work on /opt/airflow/dags/hello_dag.py
[2023-06-01T14:54:48.468+0000] {processor.py:743} INFO - Processing file /opt/airflow/dags/hello_dag.py for tasks to queue
[2023-06-01T14:54:48.469+0000] {logging_mixin.py:137} INFO - [2023-06-01T14:54:48.469+0000] {dagbag.py:538} INFO - Filling up the DagBag from /opt/airflow/dags/hello_dag.py
[2023-06-01T14:54:48.483+0000] {processor.py:753} INFO - DAG(s) dict_keys(['hello_world_dag']) retrieved from /opt/airflow/dags/hello_dag.py
[2023-06-01T14:54:48.508+0000] {logging_mixin.py:137} INFO - [2023-06-01T14:54:48.508+0000] {dag.py:2690} INFO - Sync 1 DAGs
[2023-06-01T14:54:48.536+0000] {logging_mixin.py:137} INFO - [2023-06-01T14:54:48.536+0000] {dag.py:3441} INFO - Setting next_dagrun for hello_world_dag to 2023-05-01T00:00:00+00:00, run_after=2023-05-01T00:00:00+00:00
[2023-06-01T14:54:48.552+0000] {processor.py:175} INFO - Processing /opt/airflow/dags/hello_dag.py took 0.087 seconds
[2023-06-01T14:55:19.061+0000] {processor.py:153} INFO - Started process (PID=19661) to work on /opt/airflow/dags/hello_dag.py
[2023-06-01T14:55:19.062+0000] {processor.py:743} INFO - Processing file /opt/airflow/dags/hello_dag.py for tasks to queue
[2023-06-01T14:55:19.063+0000] {logging_mixin.py:137} INFO - [2023-06-01T14:55:19.063+0000] {dagbag.py:538} INFO - Filling up the DagBag from /opt/airflow/dags/hello_dag.py
[2023-06-01T14:55:19.075+0000] {processor.py:753} INFO - DAG(s) dict_keys(['hello_world_dag']) retrieved from /opt/airflow/dags/hello_dag.py
[2023-06-01T14:55:19.096+0000] {logging_mixin.py:137} INFO - [2023-06-01T14:55:19.096+0000] {dag.py:2690} INFO - Sync 1 DAGs
[2023-06-01T14:55:19.132+0000] {logging_mixin.py:137} INFO - [2023-06-01T14:55:19.131+0000] {dag.py:3441} INFO - Setting next_dagrun for hello_world_dag to 2023-05-01T00:00:00+00:00, run_after=2023-05-01T00:00:00+00:00
[2023-06-01T14:55:19.148+0000] {processor.py:175} INFO - Processing /opt/airflow/dags/hello_dag.py took 0.089 seconds
[2023-06-01T14:55:49.598+0000] {processor.py:153} INFO - Started process (PID=19719) to work on /opt/airflow/dags/hello_dag.py
[2023-06-01T14:55:49.599+0000] {processor.py:743} INFO - Processing file /opt/airflow/dags/hello_dag.py for tasks to queue
[2023-06-01T14:55:49.599+0000] {logging_mixin.py:137} INFO - [2023-06-01T14:55:49.599+0000] {dagbag.py:538} INFO - Filling up the DagBag from /opt/airflow/dags/hello_dag.py
[2023-06-01T14:55:49.614+0000] {processor.py:753} INFO - DAG(s) dict_keys(['hello_world_dag']) retrieved from /opt/airflow/dags/hello_dag.py
[2023-06-01T14:55:49.639+0000] {logging_mixin.py:137} INFO - [2023-06-01T14:55:49.639+0000] {dag.py:2690} INFO - Sync 1 DAGs
[2023-06-01T14:55:49.663+0000] {logging_mixin.py:137} INFO - [2023-06-01T14:55:49.663+0000] {dag.py:3441} INFO - Setting next_dagrun for hello_world_dag to 2023-05-01T00:00:00+00:00, run_after=2023-05-01T00:00:00+00:00
[2023-06-01T14:55:49.681+0000] {processor.py:175} INFO - Processing /opt/airflow/dags/hello_dag.py took 0.086 seconds
