[2023-06-01T14:47:39.838+0000] {processor.py:153} INFO - Started process (PID=18622) to work on /opt/airflow/dags/hello_AB.py
[2023-06-01T14:47:39.839+0000] {processor.py:743} INFO - Processing file /opt/airflow/dags/hello_AB.py for tasks to queue
[2023-06-01T14:47:39.839+0000] {logging_mixin.py:137} INFO - [2023-06-01T14:47:39.839+0000] {dagbag.py:538} INFO - Filling up the DagBag from /opt/airflow/dags/hello_AB.py
[2023-06-01T14:47:39.852+0000] {processor.py:753} INFO - DAG(s) dict_keys(['hello_world_AB']) retrieved from /opt/airflow/dags/hello_AB.py
[2023-06-01T14:47:39.876+0000] {logging_mixin.py:137} INFO - [2023-06-01T14:47:39.876+0000] {dag.py:2690} INFO - Sync 1 DAGs
[2023-06-01T14:47:39.901+0000] {logging_mixin.py:137} INFO - [2023-06-01T14:47:39.901+0000] {dag.py:3441} INFO - Setting next_dagrun for hello_world_AB to 2023-05-31T10:35:00+00:00, run_after=2023-06-01T10:35:00+00:00
[2023-06-01T14:47:39.917+0000] {processor.py:175} INFO - Processing /opt/airflow/dags/hello_AB.py took 0.081 seconds
[2023-06-01T14:48:10.456+0000] {processor.py:153} INFO - Started process (PID=18680) to work on /opt/airflow/dags/hello_AB.py
[2023-06-01T14:48:10.457+0000] {processor.py:743} INFO - Processing file /opt/airflow/dags/hello_AB.py for tasks to queue
[2023-06-01T14:48:10.458+0000] {logging_mixin.py:137} INFO - [2023-06-01T14:48:10.458+0000] {dagbag.py:538} INFO - Filling up the DagBag from /opt/airflow/dags/hello_AB.py
[2023-06-01T14:48:10.472+0000] {processor.py:753} INFO - DAG(s) dict_keys(['hello_world_AB']) retrieved from /opt/airflow/dags/hello_AB.py
[2023-06-01T14:48:10.497+0000] {logging_mixin.py:137} INFO - [2023-06-01T14:48:10.497+0000] {dag.py:2690} INFO - Sync 1 DAGs
[2023-06-01T14:48:10.523+0000] {logging_mixin.py:137} INFO - [2023-06-01T14:48:10.523+0000] {dag.py:3441} INFO - Setting next_dagrun for hello_world_AB to 2023-05-31T10:35:00+00:00, run_after=2023-06-01T10:35:00+00:00
[2023-06-01T14:48:10.540+0000] {processor.py:175} INFO - Processing /opt/airflow/dags/hello_AB.py took 0.086 seconds
[2023-06-01T14:48:41.119+0000] {processor.py:153} INFO - Started process (PID=18762) to work on /opt/airflow/dags/hello_AB.py
[2023-06-01T14:48:41.120+0000] {processor.py:743} INFO - Processing file /opt/airflow/dags/hello_AB.py for tasks to queue
[2023-06-01T14:48:41.121+0000] {logging_mixin.py:137} INFO - [2023-06-01T14:48:41.121+0000] {dagbag.py:538} INFO - Filling up the DagBag from /opt/airflow/dags/hello_AB.py
[2023-06-01T14:48:41.136+0000] {processor.py:753} INFO - DAG(s) dict_keys(['hello_world_AB']) retrieved from /opt/airflow/dags/hello_AB.py
[2023-06-01T14:48:41.166+0000] {logging_mixin.py:137} INFO - [2023-06-01T14:48:41.165+0000] {dag.py:2690} INFO - Sync 1 DAGs
[2023-06-01T14:48:41.195+0000] {logging_mixin.py:137} INFO - [2023-06-01T14:48:41.195+0000] {dag.py:3441} INFO - Setting next_dagrun for hello_world_AB to 2023-05-31T10:35:00+00:00, run_after=2023-06-01T10:35:00+00:00
[2023-06-01T14:48:41.215+0000] {processor.py:175} INFO - Processing /opt/airflow/dags/hello_AB.py took 0.100 seconds
[2023-06-01T14:49:11.763+0000] {processor.py:153} INFO - Started process (PID=18820) to work on /opt/airflow/dags/hello_AB.py
[2023-06-01T14:49:11.764+0000] {processor.py:743} INFO - Processing file /opt/airflow/dags/hello_AB.py for tasks to queue
[2023-06-01T14:49:11.765+0000] {logging_mixin.py:137} INFO - [2023-06-01T14:49:11.764+0000] {dagbag.py:538} INFO - Filling up the DagBag from /opt/airflow/dags/hello_AB.py
[2023-06-01T14:49:11.778+0000] {processor.py:753} INFO - DAG(s) dict_keys(['hello_world_AB']) retrieved from /opt/airflow/dags/hello_AB.py
[2023-06-01T14:49:11.803+0000] {logging_mixin.py:137} INFO - [2023-06-01T14:49:11.803+0000] {dag.py:2690} INFO - Sync 1 DAGs
[2023-06-01T14:49:11.827+0000] {logging_mixin.py:137} INFO - [2023-06-01T14:49:11.827+0000] {dag.py:3441} INFO - Setting next_dagrun for hello_world_AB to 2023-05-31T10:35:00+00:00, run_after=2023-06-01T10:35:00+00:00
[2023-06-01T14:49:11.844+0000] {processor.py:175} INFO - Processing /opt/airflow/dags/hello_AB.py took 0.084 seconds
[2023-06-01T14:49:42.310+0000] {processor.py:153} INFO - Started process (PID=18902) to work on /opt/airflow/dags/hello_AB.py
[2023-06-01T14:49:42.310+0000] {processor.py:743} INFO - Processing file /opt/airflow/dags/hello_AB.py for tasks to queue
[2023-06-01T14:49:42.311+0000] {logging_mixin.py:137} INFO - [2023-06-01T14:49:42.311+0000] {dagbag.py:538} INFO - Filling up the DagBag from /opt/airflow/dags/hello_AB.py
[2023-06-01T14:49:42.328+0000] {processor.py:753} INFO - DAG(s) dict_keys(['hello_world_AB']) retrieved from /opt/airflow/dags/hello_AB.py
[2023-06-01T14:49:42.351+0000] {logging_mixin.py:137} INFO - [2023-06-01T14:49:42.351+0000] {dag.py:2690} INFO - Sync 1 DAGs
[2023-06-01T14:49:42.375+0000] {logging_mixin.py:137} INFO - [2023-06-01T14:49:42.375+0000] {dag.py:3441} INFO - Setting next_dagrun for hello_world_AB to 2023-05-31T10:35:00+00:00, run_after=2023-06-01T10:35:00+00:00
[2023-06-01T14:49:42.391+0000] {processor.py:175} INFO - Processing /opt/airflow/dags/hello_AB.py took 0.084 seconds
[2023-06-01T14:50:12.945+0000] {processor.py:153} INFO - Started process (PID=18960) to work on /opt/airflow/dags/hello_AB.py
[2023-06-01T14:50:12.946+0000] {processor.py:743} INFO - Processing file /opt/airflow/dags/hello_AB.py for tasks to queue
[2023-06-01T14:50:12.946+0000] {logging_mixin.py:137} INFO - [2023-06-01T14:50:12.946+0000] {dagbag.py:538} INFO - Filling up the DagBag from /opt/airflow/dags/hello_AB.py
[2023-06-01T14:50:12.960+0000] {processor.py:753} INFO - DAG(s) dict_keys(['hello_world_AB']) retrieved from /opt/airflow/dags/hello_AB.py
[2023-06-01T14:50:12.984+0000] {logging_mixin.py:137} INFO - [2023-06-01T14:50:12.984+0000] {dag.py:2690} INFO - Sync 1 DAGs
[2023-06-01T14:50:13.011+0000] {logging_mixin.py:137} INFO - [2023-06-01T14:50:13.011+0000] {dag.py:3441} INFO - Setting next_dagrun for hello_world_AB to 2023-05-31T10:35:00+00:00, run_after=2023-06-01T10:35:00+00:00
[2023-06-01T14:50:13.032+0000] {processor.py:175} INFO - Processing /opt/airflow/dags/hello_AB.py took 0.090 seconds
[2023-06-01T14:50:43.419+0000] {processor.py:153} INFO - Started process (PID=19042) to work on /opt/airflow/dags/hello_AB.py
[2023-06-01T14:50:43.419+0000] {processor.py:743} INFO - Processing file /opt/airflow/dags/hello_AB.py for tasks to queue
[2023-06-01T14:50:43.420+0000] {logging_mixin.py:137} INFO - [2023-06-01T14:50:43.420+0000] {dagbag.py:538} INFO - Filling up the DagBag from /opt/airflow/dags/hello_AB.py
[2023-06-01T14:50:43.435+0000] {processor.py:753} INFO - DAG(s) dict_keys(['hello_world_AB']) retrieved from /opt/airflow/dags/hello_AB.py
[2023-06-01T14:50:43.465+0000] {logging_mixin.py:137} INFO - [2023-06-01T14:50:43.464+0000] {dag.py:2690} INFO - Sync 1 DAGs
[2023-06-01T14:50:43.493+0000] {logging_mixin.py:137} INFO - [2023-06-01T14:50:43.493+0000] {dag.py:3441} INFO - Setting next_dagrun for hello_world_AB to 2023-05-31T10:35:00+00:00, run_after=2023-06-01T10:35:00+00:00
[2023-06-01T14:50:43.511+0000] {processor.py:175} INFO - Processing /opt/airflow/dags/hello_AB.py took 0.095 seconds
[2023-06-01T14:51:14.074+0000] {processor.py:153} INFO - Started process (PID=19100) to work on /opt/airflow/dags/hello_AB.py
[2023-06-01T14:51:14.076+0000] {processor.py:743} INFO - Processing file /opt/airflow/dags/hello_AB.py for tasks to queue
[2023-06-01T14:51:14.076+0000] {logging_mixin.py:137} INFO - [2023-06-01T14:51:14.076+0000] {dagbag.py:538} INFO - Filling up the DagBag from /opt/airflow/dags/hello_AB.py
[2023-06-01T14:51:14.094+0000] {processor.py:753} INFO - DAG(s) dict_keys(['hello_world_AB']) retrieved from /opt/airflow/dags/hello_AB.py
[2023-06-01T14:51:14.125+0000] {logging_mixin.py:137} INFO - [2023-06-01T14:51:14.125+0000] {dag.py:2690} INFO - Sync 1 DAGs
[2023-06-01T14:51:14.162+0000] {logging_mixin.py:137} INFO - [2023-06-01T14:51:14.162+0000] {dag.py:3441} INFO - Setting next_dagrun for hello_world_AB to 2023-05-31T10:35:00+00:00, run_after=2023-06-01T10:35:00+00:00
[2023-06-01T14:51:14.184+0000] {processor.py:175} INFO - Processing /opt/airflow/dags/hello_AB.py took 0.114 seconds
[2023-06-01T14:51:45.010+0000] {processor.py:153} INFO - Started process (PID=19167) to work on /opt/airflow/dags/hello_AB.py
[2023-06-01T14:51:45.012+0000] {processor.py:743} INFO - Processing file /opt/airflow/dags/hello_AB.py for tasks to queue
[2023-06-01T14:51:45.012+0000] {logging_mixin.py:137} INFO - [2023-06-01T14:51:45.012+0000] {dagbag.py:538} INFO - Filling up the DagBag from /opt/airflow/dags/hello_AB.py
[2023-06-01T14:51:45.029+0000] {processor.py:753} INFO - DAG(s) dict_keys(['hello_world_AB']) retrieved from /opt/airflow/dags/hello_AB.py
[2023-06-01T14:51:45.053+0000] {logging_mixin.py:137} INFO - [2023-06-01T14:51:45.053+0000] {dag.py:2690} INFO - Sync 1 DAGs
[2023-06-01T14:51:45.081+0000] {logging_mixin.py:137} INFO - [2023-06-01T14:51:45.081+0000] {dag.py:3441} INFO - Setting next_dagrun for hello_world_AB to 2023-05-31T10:35:00+00:00, run_after=2023-06-01T10:35:00+00:00
[2023-06-01T14:51:45.101+0000] {processor.py:175} INFO - Processing /opt/airflow/dags/hello_AB.py took 0.093 seconds
[2023-06-01T14:52:15.599+0000] {processor.py:153} INFO - Started process (PID=19240) to work on /opt/airflow/dags/hello_AB.py
[2023-06-01T14:52:15.601+0000] {processor.py:743} INFO - Processing file /opt/airflow/dags/hello_AB.py for tasks to queue
[2023-06-01T14:52:15.601+0000] {logging_mixin.py:137} INFO - [2023-06-01T14:52:15.601+0000] {dagbag.py:538} INFO - Filling up the DagBag from /opt/airflow/dags/hello_AB.py
[2023-06-01T14:52:15.616+0000] {processor.py:753} INFO - DAG(s) dict_keys(['hello_world_AB']) retrieved from /opt/airflow/dags/hello_AB.py
[2023-06-01T14:52:15.642+0000] {logging_mixin.py:137} INFO - [2023-06-01T14:52:15.642+0000] {dag.py:2690} INFO - Sync 1 DAGs
[2023-06-01T14:52:15.668+0000] {logging_mixin.py:137} INFO - [2023-06-01T14:52:15.668+0000] {dag.py:3441} INFO - Setting next_dagrun for hello_world_AB to 2023-05-31T10:35:00+00:00, run_after=2023-06-01T10:35:00+00:00
[2023-06-01T14:52:15.684+0000] {processor.py:175} INFO - Processing /opt/airflow/dags/hello_AB.py took 0.087 seconds
[2023-06-01T14:52:46.189+0000] {processor.py:153} INFO - Started process (PID=19307) to work on /opt/airflow/dags/hello_AB.py
[2023-06-01T14:52:46.190+0000] {processor.py:743} INFO - Processing file /opt/airflow/dags/hello_AB.py for tasks to queue
[2023-06-01T14:52:46.190+0000] {logging_mixin.py:137} INFO - [2023-06-01T14:52:46.190+0000] {dagbag.py:538} INFO - Filling up the DagBag from /opt/airflow/dags/hello_AB.py
[2023-06-01T14:52:46.204+0000] {processor.py:753} INFO - DAG(s) dict_keys(['hello_world_AB']) retrieved from /opt/airflow/dags/hello_AB.py
[2023-06-01T14:52:46.233+0000] {logging_mixin.py:137} INFO - [2023-06-01T14:52:46.233+0000] {dag.py:2690} INFO - Sync 1 DAGs
[2023-06-01T14:52:46.341+0000] {logging_mixin.py:137} INFO - [2023-06-01T14:52:46.341+0000] {dag.py:3441} INFO - Setting next_dagrun for hello_world_AB to 2023-05-31T10:35:00+00:00, run_after=2023-06-01T10:35:00+00:00
[2023-06-01T14:52:46.360+0000] {processor.py:175} INFO - Processing /opt/airflow/dags/hello_AB.py took 0.173 seconds
[2023-06-01T14:53:16.600+0000] {processor.py:153} INFO - Started process (PID=19380) to work on /opt/airflow/dags/hello_AB.py
[2023-06-01T14:53:16.601+0000] {processor.py:743} INFO - Processing file /opt/airflow/dags/hello_AB.py for tasks to queue
[2023-06-01T14:53:16.602+0000] {logging_mixin.py:137} INFO - [2023-06-01T14:53:16.602+0000] {dagbag.py:538} INFO - Filling up the DagBag from /opt/airflow/dags/hello_AB.py
[2023-06-01T14:53:16.616+0000] {processor.py:753} INFO - DAG(s) dict_keys(['hello_world_AB']) retrieved from /opt/airflow/dags/hello_AB.py
[2023-06-01T14:53:16.639+0000] {logging_mixin.py:137} INFO - [2023-06-01T14:53:16.639+0000] {dag.py:2690} INFO - Sync 1 DAGs
[2023-06-01T14:53:16.663+0000] {logging_mixin.py:137} INFO - [2023-06-01T14:53:16.663+0000] {dag.py:3441} INFO - Setting next_dagrun for hello_world_AB to 2023-05-31T10:35:00+00:00, run_after=2023-06-01T10:35:00+00:00
[2023-06-01T14:53:16.680+0000] {processor.py:175} INFO - Processing /opt/airflow/dags/hello_AB.py took 0.083 seconds
[2023-06-01T14:53:47.249+0000] {processor.py:153} INFO - Started process (PID=19447) to work on /opt/airflow/dags/hello_AB.py
[2023-06-01T14:53:47.249+0000] {processor.py:743} INFO - Processing file /opt/airflow/dags/hello_AB.py for tasks to queue
[2023-06-01T14:53:47.250+0000] {logging_mixin.py:137} INFO - [2023-06-01T14:53:47.250+0000] {dagbag.py:538} INFO - Filling up the DagBag from /opt/airflow/dags/hello_AB.py
[2023-06-01T14:53:47.265+0000] {processor.py:753} INFO - DAG(s) dict_keys(['hello_world_AB']) retrieved from /opt/airflow/dags/hello_AB.py
[2023-06-01T14:53:47.327+0000] {logging_mixin.py:137} INFO - [2023-06-01T14:53:47.327+0000] {dag.py:2690} INFO - Sync 1 DAGs
[2023-06-01T14:53:47.358+0000] {logging_mixin.py:137} INFO - [2023-06-01T14:53:47.358+0000] {dag.py:3441} INFO - Setting next_dagrun for hello_world_AB to 2023-05-31T10:35:00+00:00, run_after=2023-06-01T10:35:00+00:00
[2023-06-01T14:53:47.427+0000] {processor.py:175} INFO - Processing /opt/airflow/dags/hello_AB.py took 0.181 seconds
[2023-06-01T14:54:17.927+0000] {processor.py:153} INFO - Started process (PID=19520) to work on /opt/airflow/dags/hello_AB.py
[2023-06-01T14:54:17.930+0000] {processor.py:743} INFO - Processing file /opt/airflow/dags/hello_AB.py for tasks to queue
[2023-06-01T14:54:17.930+0000] {logging_mixin.py:137} INFO - [2023-06-01T14:54:17.930+0000] {dagbag.py:538} INFO - Filling up the DagBag from /opt/airflow/dags/hello_AB.py
[2023-06-01T14:54:17.944+0000] {processor.py:753} INFO - DAG(s) dict_keys(['hello_world_AB']) retrieved from /opt/airflow/dags/hello_AB.py
[2023-06-01T14:54:17.966+0000] {logging_mixin.py:137} INFO - [2023-06-01T14:54:17.966+0000] {dag.py:2690} INFO - Sync 1 DAGs
[2023-06-01T14:54:17.991+0000] {logging_mixin.py:137} INFO - [2023-06-01T14:54:17.991+0000] {dag.py:3441} INFO - Setting next_dagrun for hello_world_AB to 2023-05-31T10:35:00+00:00, run_after=2023-06-01T10:35:00+00:00
[2023-06-01T14:54:18.007+0000] {processor.py:175} INFO - Processing /opt/airflow/dags/hello_AB.py took 0.083 seconds
