[2023-06-01T14:47:19.478+0000] {processor.py:153} INFO - Started process (PID=18568) to work on /opt/airflow/dags/map_expand.py
[2023-06-01T14:47:19.478+0000] {processor.py:743} INFO - Processing file /opt/airflow/dags/map_expand.py for tasks to queue
[2023-06-01T14:47:19.479+0000] {logging_mixin.py:137} INFO - [2023-06-01T14:47:19.478+0000] {dagbag.py:538} INFO - Filling up the DagBag from /opt/airflow/dags/map_expand.py
[2023-06-01T14:47:19.496+0000] {processor.py:753} INFO - DAG(s) dict_keys(['map_expand']) retrieved from /opt/airflow/dags/map_expand.py
[2023-06-01T14:47:19.517+0000] {logging_mixin.py:137} INFO - [2023-06-01T14:47:19.517+0000] {dag.py:2690} INFO - Sync 1 DAGs
[2023-06-01T14:47:19.540+0000] {logging_mixin.py:137} INFO - [2023-06-01T14:47:19.540+0000] {dag.py:3441} INFO - Setting next_dagrun for map_expand to 2023-06-01T14:47:09.540507+00:00, run_after=2023-06-01T14:47:19.540507+00:00
[2023-06-01T14:47:19.555+0000] {processor.py:175} INFO - Processing /opt/airflow/dags/map_expand.py took 0.080 seconds
[2023-06-01T14:47:50.027+0000] {processor.py:153} INFO - Started process (PID=18650) to work on /opt/airflow/dags/map_expand.py
[2023-06-01T14:47:50.028+0000] {processor.py:743} INFO - Processing file /opt/airflow/dags/map_expand.py for tasks to queue
[2023-06-01T14:47:50.029+0000] {logging_mixin.py:137} INFO - [2023-06-01T14:47:50.029+0000] {dagbag.py:538} INFO - Filling up the DagBag from /opt/airflow/dags/map_expand.py
[2023-06-01T14:47:50.049+0000] {processor.py:753} INFO - DAG(s) dict_keys(['map_expand']) retrieved from /opt/airflow/dags/map_expand.py
[2023-06-01T14:47:50.071+0000] {logging_mixin.py:137} INFO - [2023-06-01T14:47:50.071+0000] {dag.py:2690} INFO - Sync 1 DAGs
[2023-06-01T14:47:50.095+0000] {logging_mixin.py:137} INFO - [2023-06-01T14:47:50.095+0000] {dag.py:3441} INFO - Setting next_dagrun for map_expand to 2023-06-01T14:47:40.095197+00:00, run_after=2023-06-01T14:47:50.095197+00:00
[2023-06-01T14:47:50.112+0000] {processor.py:175} INFO - Processing /opt/airflow/dags/map_expand.py took 0.087 seconds
[2023-06-01T14:48:20.649+0000] {processor.py:153} INFO - Started process (PID=18708) to work on /opt/airflow/dags/map_expand.py
[2023-06-01T14:48:20.650+0000] {processor.py:743} INFO - Processing file /opt/airflow/dags/map_expand.py for tasks to queue
[2023-06-01T14:48:20.651+0000] {logging_mixin.py:137} INFO - [2023-06-01T14:48:20.651+0000] {dagbag.py:538} INFO - Filling up the DagBag from /opt/airflow/dags/map_expand.py
[2023-06-01T14:48:20.671+0000] {processor.py:753} INFO - DAG(s) dict_keys(['map_expand']) retrieved from /opt/airflow/dags/map_expand.py
[2023-06-01T14:48:20.696+0000] {logging_mixin.py:137} INFO - [2023-06-01T14:48:20.696+0000] {dag.py:2690} INFO - Sync 1 DAGs
[2023-06-01T14:48:20.727+0000] {logging_mixin.py:137} INFO - [2023-06-01T14:48:20.727+0000] {dag.py:3441} INFO - Setting next_dagrun for map_expand to 2023-06-01T14:48:10.727156+00:00, run_after=2023-06-01T14:48:20.727156+00:00
[2023-06-01T14:48:20.747+0000] {processor.py:175} INFO - Processing /opt/airflow/dags/map_expand.py took 0.101 seconds
[2023-06-01T14:48:51.325+0000] {processor.py:153} INFO - Started process (PID=18790) to work on /opt/airflow/dags/map_expand.py
[2023-06-01T14:48:51.326+0000] {processor.py:743} INFO - Processing file /opt/airflow/dags/map_expand.py for tasks to queue
[2023-06-01T14:48:51.327+0000] {logging_mixin.py:137} INFO - [2023-06-01T14:48:51.327+0000] {dagbag.py:538} INFO - Filling up the DagBag from /opt/airflow/dags/map_expand.py
[2023-06-01T14:48:51.346+0000] {processor.py:753} INFO - DAG(s) dict_keys(['map_expand']) retrieved from /opt/airflow/dags/map_expand.py
[2023-06-01T14:48:51.375+0000] {logging_mixin.py:137} INFO - [2023-06-01T14:48:51.375+0000] {dag.py:2690} INFO - Sync 1 DAGs
[2023-06-01T14:48:51.414+0000] {logging_mixin.py:137} INFO - [2023-06-01T14:48:51.414+0000] {dag.py:3441} INFO - Setting next_dagrun for map_expand to 2023-06-01T14:48:41.414103+00:00, run_after=2023-06-01T14:48:51.414103+00:00
[2023-06-01T14:48:51.439+0000] {processor.py:175} INFO - Processing /opt/airflow/dags/map_expand.py took 0.117 seconds
[2023-06-01T14:49:21.955+0000] {processor.py:153} INFO - Started process (PID=18848) to work on /opt/airflow/dags/map_expand.py
[2023-06-01T14:49:21.956+0000] {processor.py:743} INFO - Processing file /opt/airflow/dags/map_expand.py for tasks to queue
[2023-06-01T14:49:21.956+0000] {logging_mixin.py:137} INFO - [2023-06-01T14:49:21.956+0000] {dagbag.py:538} INFO - Filling up the DagBag from /opt/airflow/dags/map_expand.py
[2023-06-01T14:49:21.975+0000] {processor.py:753} INFO - DAG(s) dict_keys(['map_expand']) retrieved from /opt/airflow/dags/map_expand.py
[2023-06-01T14:49:21.996+0000] {logging_mixin.py:137} INFO - [2023-06-01T14:49:21.995+0000] {dag.py:2690} INFO - Sync 1 DAGs
[2023-06-01T14:49:22.021+0000] {logging_mixin.py:137} INFO - [2023-06-01T14:49:22.021+0000] {dag.py:3441} INFO - Setting next_dagrun for map_expand to 2023-06-01T14:49:12.021231+00:00, run_after=2023-06-01T14:49:22.021231+00:00
[2023-06-01T14:49:22.040+0000] {processor.py:175} INFO - Processing /opt/airflow/dags/map_expand.py took 0.088 seconds
[2023-06-01T14:49:52.571+0000] {processor.py:153} INFO - Started process (PID=18930) to work on /opt/airflow/dags/map_expand.py
[2023-06-01T14:49:52.572+0000] {processor.py:743} INFO - Processing file /opt/airflow/dags/map_expand.py for tasks to queue
[2023-06-01T14:49:52.573+0000] {logging_mixin.py:137} INFO - [2023-06-01T14:49:52.572+0000] {dagbag.py:538} INFO - Filling up the DagBag from /opt/airflow/dags/map_expand.py
[2023-06-01T14:49:52.594+0000] {processor.py:753} INFO - DAG(s) dict_keys(['map_expand']) retrieved from /opt/airflow/dags/map_expand.py
[2023-06-01T14:49:52.619+0000] {logging_mixin.py:137} INFO - [2023-06-01T14:49:52.618+0000] {dag.py:2690} INFO - Sync 1 DAGs
[2023-06-01T14:49:52.643+0000] {logging_mixin.py:137} INFO - [2023-06-01T14:49:52.643+0000] {dag.py:3441} INFO - Setting next_dagrun for map_expand to 2023-06-01T14:49:42.643491+00:00, run_after=2023-06-01T14:49:52.643491+00:00
[2023-06-01T14:49:52.660+0000] {processor.py:175} INFO - Processing /opt/airflow/dags/map_expand.py took 0.091 seconds
[2023-06-01T14:50:23.122+0000] {processor.py:153} INFO - Started process (PID=18988) to work on /opt/airflow/dags/map_expand.py
[2023-06-01T14:50:23.123+0000] {processor.py:743} INFO - Processing file /opt/airflow/dags/map_expand.py for tasks to queue
[2023-06-01T14:50:23.123+0000] {logging_mixin.py:137} INFO - [2023-06-01T14:50:23.123+0000] {dagbag.py:538} INFO - Filling up the DagBag from /opt/airflow/dags/map_expand.py
[2023-06-01T14:50:23.142+0000] {processor.py:753} INFO - DAG(s) dict_keys(['map_expand']) retrieved from /opt/airflow/dags/map_expand.py
[2023-06-01T14:50:23.165+0000] {logging_mixin.py:137} INFO - [2023-06-01T14:50:23.165+0000] {dag.py:2690} INFO - Sync 1 DAGs
[2023-06-01T14:50:23.188+0000] {logging_mixin.py:137} INFO - [2023-06-01T14:50:23.188+0000] {dag.py:3441} INFO - Setting next_dagrun for map_expand to 2023-06-01T14:50:13.188052+00:00, run_after=2023-06-01T14:50:23.188052+00:00
[2023-06-01T14:50:23.205+0000] {processor.py:175} INFO - Processing /opt/airflow/dags/map_expand.py took 0.085 seconds
[2023-06-01T14:50:53.589+0000] {processor.py:153} INFO - Started process (PID=19055) to work on /opt/airflow/dags/map_expand.py
[2023-06-01T14:50:53.590+0000] {processor.py:743} INFO - Processing file /opt/airflow/dags/map_expand.py for tasks to queue
[2023-06-01T14:50:53.591+0000] {logging_mixin.py:137} INFO - [2023-06-01T14:50:53.591+0000] {dagbag.py:538} INFO - Filling up the DagBag from /opt/airflow/dags/map_expand.py
[2023-06-01T14:50:53.611+0000] {processor.py:753} INFO - DAG(s) dict_keys(['map_expand']) retrieved from /opt/airflow/dags/map_expand.py
[2023-06-01T14:50:53.642+0000] {logging_mixin.py:137} INFO - [2023-06-01T14:50:53.642+0000] {dag.py:2690} INFO - Sync 1 DAGs
[2023-06-01T14:50:53.668+0000] {logging_mixin.py:137} INFO - [2023-06-01T14:50:53.668+0000] {dag.py:3441} INFO - Setting next_dagrun for map_expand to 2023-06-01T14:50:43.668460+00:00, run_after=2023-06-01T14:50:53.668460+00:00
[2023-06-01T14:50:53.686+0000] {processor.py:175} INFO - Processing /opt/airflow/dags/map_expand.py took 0.100 seconds
[2023-06-01T14:51:24.331+0000] {processor.py:153} INFO - Started process (PID=19128) to work on /opt/airflow/dags/map_expand.py
[2023-06-01T14:51:24.333+0000] {processor.py:743} INFO - Processing file /opt/airflow/dags/map_expand.py for tasks to queue
[2023-06-01T14:51:24.334+0000] {logging_mixin.py:137} INFO - [2023-06-01T14:51:24.334+0000] {dagbag.py:538} INFO - Filling up the DagBag from /opt/airflow/dags/map_expand.py
[2023-06-01T14:51:24.360+0000] {processor.py:753} INFO - DAG(s) dict_keys(['map_expand']) retrieved from /opt/airflow/dags/map_expand.py
[2023-06-01T14:51:24.392+0000] {logging_mixin.py:137} INFO - [2023-06-01T14:51:24.392+0000] {dag.py:2690} INFO - Sync 1 DAGs
[2023-06-01T14:51:24.433+0000] {logging_mixin.py:137} INFO - [2023-06-01T14:51:24.432+0000] {dag.py:3441} INFO - Setting next_dagrun for map_expand to 2023-06-01T14:51:14.432472+00:00, run_after=2023-06-01T14:51:24.432472+00:00
[2023-06-01T14:51:24.457+0000] {processor.py:175} INFO - Processing /opt/airflow/dags/map_expand.py took 0.129 seconds
[2023-06-01T14:51:55.226+0000] {processor.py:153} INFO - Started process (PID=19186) to work on /opt/airflow/dags/map_expand.py
[2023-06-01T14:51:55.228+0000] {processor.py:743} INFO - Processing file /opt/airflow/dags/map_expand.py for tasks to queue
[2023-06-01T14:51:55.229+0000] {logging_mixin.py:137} INFO - [2023-06-01T14:51:55.228+0000] {dagbag.py:538} INFO - Filling up the DagBag from /opt/airflow/dags/map_expand.py
[2023-06-01T14:51:55.250+0000] {processor.py:753} INFO - DAG(s) dict_keys(['map_expand']) retrieved from /opt/airflow/dags/map_expand.py
[2023-06-01T14:51:55.275+0000] {logging_mixin.py:137} INFO - [2023-06-01T14:51:55.275+0000] {dag.py:2690} INFO - Sync 1 DAGs
[2023-06-01T14:51:55.311+0000] {logging_mixin.py:137} INFO - [2023-06-01T14:51:55.311+0000] {dag.py:3441} INFO - Setting next_dagrun for map_expand to 2023-06-01T14:51:45.311358+00:00, run_after=2023-06-01T14:51:55.311358+00:00
[2023-06-01T14:51:55.329+0000] {processor.py:175} INFO - Processing /opt/airflow/dags/map_expand.py took 0.105 seconds
[2023-06-01T14:52:25.778+0000] {processor.py:153} INFO - Started process (PID=19268) to work on /opt/airflow/dags/map_expand.py
[2023-06-01T14:52:25.778+0000] {processor.py:743} INFO - Processing file /opt/airflow/dags/map_expand.py for tasks to queue
[2023-06-01T14:52:25.779+0000] {logging_mixin.py:137} INFO - [2023-06-01T14:52:25.779+0000] {dagbag.py:538} INFO - Filling up the DagBag from /opt/airflow/dags/map_expand.py
[2023-06-01T14:52:25.798+0000] {processor.py:753} INFO - DAG(s) dict_keys(['map_expand']) retrieved from /opt/airflow/dags/map_expand.py
[2023-06-01T14:52:25.821+0000] {logging_mixin.py:137} INFO - [2023-06-01T14:52:25.820+0000] {dag.py:2690} INFO - Sync 1 DAGs
[2023-06-01T14:52:25.846+0000] {logging_mixin.py:137} INFO - [2023-06-01T14:52:25.845+0000] {dag.py:3441} INFO - Setting next_dagrun for map_expand to 2023-06-01T14:52:15.845586+00:00, run_after=2023-06-01T14:52:25.845586+00:00
[2023-06-01T14:52:25.862+0000] {processor.py:175} INFO - Processing /opt/airflow/dags/map_expand.py took 0.087 seconds
[2023-06-01T14:52:56.270+0000] {processor.py:153} INFO - Started process (PID=19326) to work on /opt/airflow/dags/map_expand.py
[2023-06-01T14:52:56.271+0000] {processor.py:743} INFO - Processing file /opt/airflow/dags/map_expand.py for tasks to queue
[2023-06-01T14:52:56.272+0000] {logging_mixin.py:137} INFO - [2023-06-01T14:52:56.271+0000] {dagbag.py:538} INFO - Filling up the DagBag from /opt/airflow/dags/map_expand.py
[2023-06-01T14:52:56.294+0000] {processor.py:753} INFO - DAG(s) dict_keys(['map_expand']) retrieved from /opt/airflow/dags/map_expand.py
[2023-06-01T14:52:56.315+0000] {logging_mixin.py:137} INFO - [2023-06-01T14:52:56.315+0000] {dag.py:2690} INFO - Sync 1 DAGs
[2023-06-01T14:52:56.341+0000] {logging_mixin.py:137} INFO - [2023-06-01T14:52:56.341+0000] {dag.py:3441} INFO - Setting next_dagrun for map_expand to 2023-06-01T14:52:46.340807+00:00, run_after=2023-06-01T14:52:56.340807+00:00
[2023-06-01T14:52:56.359+0000] {processor.py:175} INFO - Processing /opt/airflow/dags/map_expand.py took 0.092 seconds
[2023-06-01T14:53:26.750+0000] {processor.py:153} INFO - Started process (PID=19408) to work on /opt/airflow/dags/map_expand.py
[2023-06-01T14:53:26.750+0000] {processor.py:743} INFO - Processing file /opt/airflow/dags/map_expand.py for tasks to queue
[2023-06-01T14:53:26.751+0000] {logging_mixin.py:137} INFO - [2023-06-01T14:53:26.750+0000] {dagbag.py:538} INFO - Filling up the DagBag from /opt/airflow/dags/map_expand.py
[2023-06-01T14:53:26.769+0000] {processor.py:753} INFO - DAG(s) dict_keys(['map_expand']) retrieved from /opt/airflow/dags/map_expand.py
[2023-06-01T14:53:26.793+0000] {logging_mixin.py:137} INFO - [2023-06-01T14:53:26.792+0000] {dag.py:2690} INFO - Sync 1 DAGs
[2023-06-01T14:53:26.821+0000] {logging_mixin.py:137} INFO - [2023-06-01T14:53:26.821+0000] {dag.py:3441} INFO - Setting next_dagrun for map_expand to 2023-06-01T14:53:16.820805+00:00, run_after=2023-06-01T14:53:26.820805+00:00
[2023-06-01T14:53:26.839+0000] {processor.py:175} INFO - Processing /opt/airflow/dags/map_expand.py took 0.093 seconds
[2023-06-01T14:53:57.543+0000] {processor.py:153} INFO - Started process (PID=19466) to work on /opt/airflow/dags/map_expand.py
[2023-06-01T14:53:57.545+0000] {processor.py:743} INFO - Processing file /opt/airflow/dags/map_expand.py for tasks to queue
[2023-06-01T14:53:57.546+0000] {logging_mixin.py:137} INFO - [2023-06-01T14:53:57.545+0000] {dagbag.py:538} INFO - Filling up the DagBag from /opt/airflow/dags/map_expand.py
[2023-06-01T14:53:57.569+0000] {processor.py:753} INFO - DAG(s) dict_keys(['map_expand']) retrieved from /opt/airflow/dags/map_expand.py
[2023-06-01T14:53:57.598+0000] {logging_mixin.py:137} INFO - [2023-06-01T14:53:57.597+0000] {dag.py:2690} INFO - Sync 1 DAGs
[2023-06-01T14:53:57.635+0000] {logging_mixin.py:137} INFO - [2023-06-01T14:53:57.634+0000] {dag.py:3441} INFO - Setting next_dagrun for map_expand to 2023-06-01T14:53:47.634730+00:00, run_after=2023-06-01T14:53:57.634730+00:00
[2023-06-01T14:53:57.654+0000] {processor.py:175} INFO - Processing /opt/airflow/dags/map_expand.py took 0.114 seconds
[2023-06-01T14:54:28.128+0000] {processor.py:153} INFO - Started process (PID=19548) to work on /opt/airflow/dags/map_expand.py
[2023-06-01T14:54:28.128+0000] {processor.py:743} INFO - Processing file /opt/airflow/dags/map_expand.py for tasks to queue
[2023-06-01T14:54:28.129+0000] {logging_mixin.py:137} INFO - [2023-06-01T14:54:28.129+0000] {dagbag.py:538} INFO - Filling up the DagBag from /opt/airflow/dags/map_expand.py
[2023-06-01T14:54:28.152+0000] {processor.py:753} INFO - DAG(s) dict_keys(['map_expand']) retrieved from /opt/airflow/dags/map_expand.py
[2023-06-01T14:54:28.175+0000] {logging_mixin.py:137} INFO - [2023-06-01T14:54:28.175+0000] {dag.py:2690} INFO - Sync 1 DAGs
[2023-06-01T14:54:28.198+0000] {logging_mixin.py:137} INFO - [2023-06-01T14:54:28.198+0000] {dag.py:3441} INFO - Setting next_dagrun for map_expand to 2023-06-01T14:54:18.198245+00:00, run_after=2023-06-01T14:54:28.198245+00:00
[2023-06-01T14:54:28.214+0000] {processor.py:175} INFO - Processing /opt/airflow/dags/map_expand.py took 0.090 seconds
[2023-06-01T14:54:58.652+0000] {processor.py:153} INFO - Started process (PID=19606) to work on /opt/airflow/dags/map_expand.py
[2023-06-01T14:54:58.653+0000] {processor.py:743} INFO - Processing file /opt/airflow/dags/map_expand.py for tasks to queue
[2023-06-01T14:54:58.654+0000] {logging_mixin.py:137} INFO - [2023-06-01T14:54:58.654+0000] {dagbag.py:538} INFO - Filling up the DagBag from /opt/airflow/dags/map_expand.py
[2023-06-01T14:54:58.673+0000] {processor.py:753} INFO - DAG(s) dict_keys(['map_expand']) retrieved from /opt/airflow/dags/map_expand.py
[2023-06-01T14:54:58.696+0000] {logging_mixin.py:137} INFO - [2023-06-01T14:54:58.695+0000] {dag.py:2690} INFO - Sync 1 DAGs
[2023-06-01T14:54:58.723+0000] {logging_mixin.py:137} INFO - [2023-06-01T14:54:58.723+0000] {dag.py:3441} INFO - Setting next_dagrun for map_expand to 2023-06-01T14:54:48.722993+00:00, run_after=2023-06-01T14:54:58.722993+00:00
[2023-06-01T14:54:58.741+0000] {processor.py:175} INFO - Processing /opt/airflow/dags/map_expand.py took 0.092 seconds
[2023-06-01T14:55:29.237+0000] {processor.py:153} INFO - Started process (PID=19688) to work on /opt/airflow/dags/map_expand.py
[2023-06-01T14:55:29.237+0000] {processor.py:743} INFO - Processing file /opt/airflow/dags/map_expand.py for tasks to queue
[2023-06-01T14:55:29.238+0000] {logging_mixin.py:137} INFO - [2023-06-01T14:55:29.238+0000] {dagbag.py:538} INFO - Filling up the DagBag from /opt/airflow/dags/map_expand.py
[2023-06-01T14:55:29.257+0000] {processor.py:753} INFO - DAG(s) dict_keys(['map_expand']) retrieved from /opt/airflow/dags/map_expand.py
[2023-06-01T14:55:29.278+0000] {logging_mixin.py:137} INFO - [2023-06-01T14:55:29.278+0000] {dag.py:2690} INFO - Sync 1 DAGs
[2023-06-01T14:55:29.300+0000] {logging_mixin.py:137} INFO - [2023-06-01T14:55:29.299+0000] {dag.py:3441} INFO - Setting next_dagrun for map_expand to 2023-06-01T14:55:19.299776+00:00, run_after=2023-06-01T14:55:29.299776+00:00
[2023-06-01T14:55:29.315+0000] {processor.py:175} INFO - Processing /opt/airflow/dags/map_expand.py took 0.081 seconds
[2023-06-01T14:55:59.790+0000] {processor.py:153} INFO - Started process (PID=19746) to work on /opt/airflow/dags/map_expand.py
[2023-06-01T14:55:59.791+0000] {processor.py:743} INFO - Processing file /opt/airflow/dags/map_expand.py for tasks to queue
[2023-06-01T14:55:59.792+0000] {logging_mixin.py:137} INFO - [2023-06-01T14:55:59.792+0000] {dagbag.py:538} INFO - Filling up the DagBag from /opt/airflow/dags/map_expand.py
[2023-06-01T14:55:59.812+0000] {processor.py:753} INFO - DAG(s) dict_keys(['map_expand']) retrieved from /opt/airflow/dags/map_expand.py
[2023-06-01T14:55:59.834+0000] {logging_mixin.py:137} INFO - [2023-06-01T14:55:59.834+0000] {dag.py:2690} INFO - Sync 1 DAGs
[2023-06-01T14:55:59.858+0000] {logging_mixin.py:137} INFO - [2023-06-01T14:55:59.858+0000] {dag.py:3441} INFO - Setting next_dagrun for map_expand to 2023-06-01T14:55:49.857770+00:00, run_after=2023-06-01T14:55:59.857770+00:00
[2023-06-01T14:55:59.875+0000] {processor.py:175} INFO - Processing /opt/airflow/dags/map_expand.py took 0.088 seconds
